2015-09-23 11:08:18.794 INFO  singlejartest.Main - Connecting...
2015-09-23 11:16:16.153 INFO  singlejartest.Main - Connecting...
2015-09-23 11:16:21.665 INFO  com.dukascopy.api.impl.connect.AuthorizationClient - Selecting the best server...
2015-09-23 11:16:22.354 INFO  com.dukascopy.api.impl.connect.AuthorizationClient - Account settings request: retry count = 1, time = 2015-09-23 11:16:22
2015-09-23 11:16:24.396 INFO  com.dukascopy.api.impl.connect.AuthorizationClient - Account settings received: retry count = 1, time = 2015-09-23 11:16:24
2015-09-23 11:16:24.541 WARN  com.dukascopy.api.instrument.InstrumentParser - Unknown trade amount increment for the instrument [AUD/JPY], using default - 1
2015-09-23 11:16:24.542 WARN  com.dukascopy.api.instrument.InstrumentParser - Unknown minimal trade amount for the instrument [AUD/JPY], using default - 1
2015-09-23 11:16:24.549 WARN  com.dukascopy.api.instrument.InstrumentParser - Unknown trade amount increment for the instrument [NZD/CAD], using default - 1
2015-09-23 11:16:24.550 WARN  com.dukascopy.api.instrument.InstrumentParser - Unknown minimal trade amount for the instrument [NZD/CAD], using default - 1
2015-09-23 11:16:24.551 WARN  com.dukascopy.api.instrument.InstrumentParser - Unknown trade amount increment for the instrument [HKG.IDX/HKD], using default - 1
2015-09-23 11:16:24.551 WARN  com.dukascopy.api.instrument.InstrumentParser - Unknown minimal trade amount for the instrument [HKG.IDX/HKD], using default - 1
2015-09-23 11:16:24.553 WARN  com.dukascopy.api.instrument.InstrumentParser - Unknown trade amount increment for the instrument [EUR/DKK], using default - 1
2015-09-23 11:16:24.553 WARN  com.dukascopy.api.instrument.InstrumentParser - Unknown minimal trade amount for the instrument [EUR/DKK], using default - 1
2015-09-23 11:16:24.554 WARN  com.dukascopy.api.instrument.InstrumentParser - Unknown trade amount increment for the instrument [EUR/HKD], using default - 1
2015-09-23 11:16:24.555 WARN  com.dukascopy.api.instrument.InstrumentParser - Unknown minimal trade amount for the instrument [EUR/HKD], using default - 1
2015-09-23 11:16:24.555 WARN  com.dukascopy.api.instrument.InstrumentParser - Unknown trade amount increment for the instrument [EUR/CAD], using default - 1
2015-09-23 11:16:24.556 WARN  com.dukascopy.api.instrument.InstrumentParser - Unknown minimal trade amount for the instrument [EUR/CAD], using default - 1
2015-09-23 11:16:24.557 WARN  com.dukascopy.api.instrument.InstrumentParser - Unknown trade amount increment for the instrument [USD/ZAR], using default - 1
2015-09-23 11:16:24.557 WARN  com.dukascopy.api.instrument.InstrumentParser - Unknown minimal trade amount for the instrument [USD/ZAR], using default - 1
2015-09-23 11:16:24.558 WARN  com.dukascopy.api.instrument.InstrumentParser - Unknown trade amount increment for the instrument [EUR/NOK], using default - 1
2015-09-23 11:16:24.558 WARN  com.dukascopy.api.instrument.InstrumentParser - Unknown minimal trade amount for the instrument [EUR/NOK], using default - 1
2015-09-23 11:16:24.559 WARN  com.dukascopy.api.instrument.InstrumentParser - Unknown trade amount increment for the instrument [USD/HKD], using default - 1
2015-09-23 11:16:24.560 WARN  com.dukascopy.api.instrument.InstrumentParser - Unknown minimal trade amount for the instrument [USD/HKD], using default - 1
2015-09-23 11:16:24.560 WARN  com.dukascopy.api.instrument.InstrumentParser - Unknown trade amount increment for the instrument [EUR/AUD], using default - 1
2015-09-23 11:16:24.561 WARN  com.dukascopy.api.instrument.InstrumentParser - Unknown minimal trade amount for the instrument [EUR/AUD], using default - 1
2015-09-23 11:16:24.561 WARN  com.dukascopy.api.instrument.InstrumentParser - Unknown trade amount increment for the instrument [GBR.IDX/GBP], using default - 1
2015-09-23 11:16:24.562 WARN  com.dukascopy.api.instrument.InstrumentParser - Unknown minimal trade amount for the instrument [GBR.IDX/GBP], using default - 1
2015-09-23 11:16:24.563 WARN  com.dukascopy.api.instrument.InstrumentParser - Unknown trade amount increment for the instrument [USD/DKK], using default - 1
2015-09-23 11:16:24.563 WARN  com.dukascopy.api.instrument.InstrumentParser - Unknown minimal trade amount for the instrument [USD/DKK], using default - 1
2015-09-23 11:16:24.564 WARN  com.dukascopy.api.instrument.InstrumentParser - Unknown trade amount increment for the instrument [GBP/CAD], using default - 1
2015-09-23 11:16:24.564 WARN  com.dukascopy.api.instrument.InstrumentParser - Unknown minimal trade amount for the instrument [GBP/CAD], using default - 1
2015-09-23 11:16:24.565 WARN  com.dukascopy.api.instrument.InstrumentParser - Unknown trade amount increment for the instrument [USD/CAD], using default - 1
2015-09-23 11:16:24.565 WARN  com.dukascopy.api.instrument.InstrumentParser - Unknown minimal trade amount for the instrument [USD/CAD], using default - 1
2015-09-23 11:16:24.566 WARN  com.dukascopy.api.instrument.InstrumentParser - Unknown trade amount increment for the instrument [SGD/JPY], using default - 1
2015-09-23 11:16:24.567 WARN  com.dukascopy.api.instrument.InstrumentParser - Unknown minimal trade amount for the instrument [SGD/JPY], using default - 1
2015-09-23 11:16:24.567 WARN  com.dukascopy.api.instrument.InstrumentParser - Unknown trade amount increment for the instrument [CAD/CHF], using default - 1
2015-09-23 11:16:24.568 WARN  com.dukascopy.api.instrument.InstrumentParser - Unknown minimal trade amount for the instrument [CAD/CHF], using default - 1
2015-09-23 11:16:24.568 WARN  com.dukascopy.api.instrument.InstrumentParser - Unknown trade amount increment for the instrument [EUR/TRY], using default - 1
2015-09-23 11:16:24.569 WARN  com.dukascopy.api.instrument.InstrumentParser - Unknown minimal trade amount for the instrument [EUR/TRY], using default - 1
2015-09-23 11:16:24.570 WARN  com.dukascopy.api.instrument.InstrumentParser - Unknown trade amount increment for the instrument [USD/TRY], using default - 1
2015-09-23 11:16:24.570 WARN  com.dukascopy.api.instrument.InstrumentParser - Unknown minimal trade amount for the instrument [USD/TRY], using default - 1
2015-09-23 11:16:24.571 WARN  com.dukascopy.api.instrument.InstrumentParser - Unknown trade amount increment for the instrument [GBP/AUD], using default - 1
2015-09-23 11:16:24.571 WARN  com.dukascopy.api.instrument.InstrumentParser - Unknown minimal trade amount for the instrument [GBP/AUD], using default - 1
2015-09-23 11:16:24.572 WARN  com.dukascopy.api.instrument.InstrumentParser - Unknown trade amount increment for the instrument [AUD/SGD], using default - 1
2015-09-23 11:16:24.572 WARN  com.dukascopy.api.instrument.InstrumentParser - Unknown minimal trade amount for the instrument [AUD/SGD], using default - 1
2015-09-23 11:16:24.573 WARN  com.dukascopy.api.instrument.InstrumentParser - Unknown trade amount increment for the instrument [EUR/CHF], using default - 1
2015-09-23 11:16:24.574 WARN  com.dukascopy.api.instrument.InstrumentParser - Unknown minimal trade amount for the instrument [EUR/CHF], using default - 1
2015-09-23 11:16:24.574 WARN  com.dukascopy.api.instrument.InstrumentParser - Unknown trade amount increment for the instrument [CHE.IDX/CHF], using default - 1
2015-09-23 11:16:24.575 WARN  com.dukascopy.api.instrument.InstrumentParser - Unknown minimal trade amount for the instrument [CHE.IDX/CHF], using default - 1
2015-09-23 11:16:24.576 WARN  com.dukascopy.api.instrument.InstrumentParser - Unknown trade amount increment for the instrument [AUD/NZD], using default - 1
2015-09-23 11:16:24.576 WARN  com.dukascopy.api.instrument.InstrumentParser - Unknown minimal trade amount for the instrument [AUD/NZD], using default - 1
2015-09-23 11:16:24.577 WARN  com.dukascopy.api.instrument.InstrumentParser - Unknown trade amount increment for the instrument [EUS.IDX/EUR], using default - 1
2015-09-23 11:16:24.577 WARN  com.dukascopy.api.instrument.InstrumentParser - Unknown minimal trade amount for the instrument [EUS.IDX/EUR], using default - 1
2015-09-23 11:16:24.578 WARN  com.dukascopy.api.instrument.InstrumentParser - Unknown trade amount increment for the instrument [USD/SGD], using default - 1
2015-09-23 11:16:24.579 WARN  com.dukascopy.api.instrument.InstrumentParser - Unknown minimal trade amount for the instrument [USD/SGD], using default - 1
2015-09-23 11:16:24.579 WARN  com.dukascopy.api.instrument.InstrumentParser - Unknown trade amount increment for the instrument [USA30.IDX/USD], using default - 1
2015-09-23 11:16:24.580 WARN  com.dukascopy.api.instrument.InstrumentParser - Unknown minimal trade amount for the instrument [USA30.IDX/USD], using default - 1
2015-09-23 11:16:24.581 WARN  com.dukascopy.api.instrument.InstrumentParser - Unknown trade amount increment for the instrument [XAU/USD], using default - 1
2015-09-23 11:16:24.581 WARN  com.dukascopy.api.instrument.InstrumentParser - Unknown minimal trade amount for the instrument [XAU/USD], using default - 1
2015-09-23 11:16:24.582 WARN  com.dukascopy.api.instrument.InstrumentParser - Unknown trade amount increment for the instrument [USD/CHF], using default - 1
2015-09-23 11:16:24.583 WARN  com.dukascopy.api.instrument.InstrumentParser - Unknown minimal trade amount for the instrument [USD/CHF], using default - 1
2015-09-23 11:16:24.583 WARN  com.dukascopy.api.instrument.InstrumentParser - Unknown trade amount increment for the instrument [AUD/USD], using default - 1
2015-09-23 11:16:24.584 WARN  com.dukascopy.api.instrument.InstrumentParser - Unknown minimal trade amount for the instrument [AUD/USD], using default - 1
2015-09-23 11:16:24.585 WARN  com.dukascopy.api.instrument.InstrumentParser - Unknown trade amount increment for the instrument [NZD/JPY], using default - 1
2015-09-23 11:16:24.585 WARN  com.dukascopy.api.instrument.InstrumentParser - Unknown minimal trade amount for the instrument [NZD/JPY], using default - 1
2015-09-23 11:16:24.586 WARN  com.dukascopy.api.instrument.InstrumentParser - Unknown trade amount increment for the instrument [USD/MXN], using default - 1
2015-09-23 11:16:24.586 WARN  com.dukascopy.api.instrument.InstrumentParser - Unknown minimal trade amount for the instrument [USD/MXN], using default - 1
2015-09-23 11:16:24.587 WARN  com.dukascopy.api.instrument.InstrumentParser - Unknown trade amount increment for the instrument [FRA.IDX/EUR], using default - 1
2015-09-23 11:16:24.587 WARN  com.dukascopy.api.instrument.InstrumentParser - Unknown minimal trade amount for the instrument [FRA.IDX/EUR], using default - 1
2015-09-23 11:16:24.588 WARN  com.dukascopy.api.instrument.InstrumentParser - Unknown trade amount increment for the instrument [EUR/SGD], using default - 1
2015-09-23 11:16:24.589 WARN  com.dukascopy.api.instrument.InstrumentParser - Unknown minimal trade amount for the instrument [EUR/SGD], using default - 1
2015-09-23 11:16:24.590 WARN  com.dukascopy.api.instrument.InstrumentParser - Unknown trade amount increment for the instrument [EUR/NZD], using default - 1
2015-09-23 11:16:24.591 WARN  com.dukascopy.api.instrument.InstrumentParser - Unknown minimal trade amount for the instrument [EUR/NZD], using default - 1
2015-09-23 11:16:24.592 WARN  com.dukascopy.api.instrument.InstrumentParser - Unknown trade amount increment for the instrument [CAD/HKD], using default - 1
2015-09-23 11:16:24.592 WARN  com.dukascopy.api.instrument.InstrumentParser - Unknown minimal trade amount for the instrument [CAD/HKD], using default - 1
2015-09-23 11:16:24.593 WARN  com.dukascopy.api.instrument.InstrumentParser - Unknown trade amount increment for the instrument [GBP/CHF], using default - 1
2015-09-23 11:16:24.593 WARN  com.dukascopy.api.instrument.InstrumentParser - Unknown minimal trade amount for the instrument [GBP/CHF], using default - 1
2015-09-23 11:16:24.594 WARN  com.dukascopy.api.instrument.InstrumentParser - Unknown trade amount increment for the instrument [NZD/USD], using default - 1
2015-09-23 11:16:24.594 WARN  com.dukascopy.api.instrument.InstrumentParser - Unknown minimal trade amount for the instrument [NZD/USD], using default - 1
2015-09-23 11:16:24.595 WARN  com.dukascopy.api.instrument.InstrumentParser - Unknown trade amount increment for the instrument [USD/PLN], using default - 1
2015-09-23 11:16:24.596 WARN  com.dukascopy.api.instrument.InstrumentParser - Unknown minimal trade amount for the instrument [USD/PLN], using default - 1
2015-09-23 11:16:24.596 WARN  com.dukascopy.api.instrument.InstrumentParser - Unknown trade amount increment for the instrument [USD/JPY], using default - 1
2015-09-23 11:16:24.597 WARN  com.dukascopy.api.instrument.InstrumentParser - Unknown minimal trade amount for the instrument [USD/JPY], using default - 1
2015-09-23 11:16:24.598 WARN  com.dukascopy.api.instrument.InstrumentParser - Unknown trade amount increment for the instrument [GBP/NZD], using default - 1
2015-09-23 11:16:24.598 WARN  com.dukascopy.api.instrument.InstrumentParser - Unknown minimal trade amount for the instrument [GBP/NZD], using default - 1
2015-09-23 11:16:24.599 WARN  com.dukascopy.api.instrument.InstrumentParser - Unknown trade amount increment for the instrument [JPN.IDX/JPY], using default - 1
2015-09-23 11:16:24.599 WARN  com.dukascopy.api.instrument.InstrumentParser - Unknown minimal trade amount for the instrument [JPN.IDX/JPY], using default - 1
2015-09-23 11:16:24.600 WARN  com.dukascopy.api.instrument.InstrumentParser - Unknown trade amount increment for the instrument [CHF/JPY], using default - 1
2015-09-23 11:16:24.601 WARN  com.dukascopy.api.instrument.InstrumentParser - Unknown minimal trade amount for the instrument [CHF/JPY], using default - 1
2015-09-23 11:16:24.601 WARN  com.dukascopy.api.instrument.InstrumentParser - Unknown trade amount increment for the instrument [EUR/USD], using default - 1
2015-09-23 11:16:24.602 WARN  com.dukascopy.api.instrument.InstrumentParser - Unknown minimal trade amount for the instrument [EUR/USD], using default - 1
2015-09-23 11:16:24.602 WARN  com.dukascopy.api.instrument.InstrumentParser - Unknown trade amount increment for the instrument [ESP.IDX/EUR], using default - 1
2015-09-23 11:16:24.603 WARN  com.dukascopy.api.instrument.InstrumentParser - Unknown minimal trade amount for the instrument [ESP.IDX/EUR], using default - 1
2015-09-23 11:16:24.604 WARN  com.dukascopy.api.instrument.InstrumentParser - Unknown trade amount increment for the instrument [GBP/USD], using default - 1
2015-09-23 11:16:24.604 WARN  com.dukascopy.api.instrument.InstrumentParser - Unknown minimal trade amount for the instrument [GBP/USD], using default - 1
2015-09-23 11:16:24.605 WARN  com.dukascopy.api.instrument.InstrumentParser - Unknown trade amount increment for the instrument [EUR/JPY], using default - 1
2015-09-23 11:16:24.605 WARN  com.dukascopy.api.instrument.InstrumentParser - Unknown minimal trade amount for the instrument [EUR/JPY], using default - 1
2015-09-23 11:16:24.606 WARN  com.dukascopy.api.instrument.InstrumentParser - Unknown trade amount increment for the instrument [EUR/PLN], using default - 1
2015-09-23 11:16:24.606 WARN  com.dukascopy.api.instrument.InstrumentParser - Unknown minimal trade amount for the instrument [EUR/PLN], using default - 1
2015-09-23 11:16:24.607 WARN  com.dukascopy.api.instrument.InstrumentParser - Unknown trade amount increment for the instrument [AUD/CHF], using default - 1
2015-09-23 11:16:24.608 WARN  com.dukascopy.api.instrument.InstrumentParser - Unknown minimal trade amount for the instrument [AUD/CHF], using default - 1
2015-09-23 11:16:24.608 WARN  com.dukascopy.api.instrument.InstrumentParser - Unknown trade amount increment for the instrument [XAG/USD], using default - 1
2015-09-23 11:16:24.609 WARN  com.dukascopy.api.instrument.InstrumentParser - Unknown minimal trade amount for the instrument [XAG/USD], using default - 1
2015-09-23 11:16:24.610 WARN  com.dukascopy.api.instrument.InstrumentParser - Unknown trade amount increment for the instrument [EUR/GBP], using default - 1
2015-09-23 11:16:24.610 WARN  com.dukascopy.api.instrument.InstrumentParser - Unknown minimal trade amount for the instrument [EUR/GBP], using default - 1
2015-09-23 11:16:24.611 WARN  com.dukascopy.api.instrument.InstrumentParser - Unknown trade amount increment for the instrument [USD/RUB], using default - 1
2015-09-23 11:16:24.611 WARN  com.dukascopy.api.instrument.InstrumentParser - Unknown minimal trade amount for the instrument [USD/RUB], using default - 1
2015-09-23 11:16:24.612 WARN  com.dukascopy.api.instrument.InstrumentParser - Unknown trade amount increment for the instrument [GBP/JPY], using default - 1
2015-09-23 11:16:24.612 WARN  com.dukascopy.api.instrument.InstrumentParser - Unknown minimal trade amount for the instrument [GBP/JPY], using default - 1
2015-09-23 11:16:24.613 WARN  com.dukascopy.api.instrument.InstrumentParser - Unknown trade amount increment for the instrument [NZD/CHF], using default - 1
2015-09-23 11:16:24.614 WARN  com.dukascopy.api.instrument.InstrumentParser - Unknown minimal trade amount for the instrument [NZD/CHF], using default - 1
2015-09-23 11:16:24.614 WARN  com.dukascopy.api.instrument.InstrumentParser - Unknown trade amount increment for the instrument [BRENT.CMD/USD], using default - 1
2015-09-23 11:16:24.615 WARN  com.dukascopy.api.instrument.InstrumentParser - Unknown minimal trade amount for the instrument [BRENT.CMD/USD], using default - 1
2015-09-23 11:16:24.615 WARN  com.dukascopy.api.instrument.InstrumentParser - Unknown trade amount increment for the instrument [USD/NOK], using default - 1
2015-09-23 11:16:24.616 WARN  com.dukascopy.api.instrument.InstrumentParser - Unknown minimal trade amount for the instrument [USD/NOK], using default - 1
2015-09-23 11:16:24.617 WARN  com.dukascopy.api.instrument.InstrumentParser - Unknown trade amount increment for the instrument [CAD/JPY], using default - 1
2015-09-23 11:16:24.617 WARN  com.dukascopy.api.instrument.InstrumentParser - Unknown minimal trade amount for the instrument [CAD/JPY], using default - 1
2015-09-23 11:16:24.618 WARN  com.dukascopy.api.instrument.InstrumentParser - Unknown trade amount increment for the instrument [CHF/SGD], using default - 1
2015-09-23 11:16:24.618 WARN  com.dukascopy.api.instrument.InstrumentParser - Unknown minimal trade amount for the instrument [CHF/SGD], using default - 1
2015-09-23 11:16:24.619 WARN  com.dukascopy.api.instrument.InstrumentParser - Unknown trade amount increment for the instrument [DEU.IDX/EUR], using default - 1
2015-09-23 11:16:24.619 WARN  com.dukascopy.api.instrument.InstrumentParser - Unknown minimal trade amount for the instrument [DEU.IDX/EUR], using default - 1
2015-09-23 11:16:24.620 WARN  com.dukascopy.api.instrument.InstrumentParser - Unknown pip value for the instrument [LIGHT.CMD/USD], using default - 0.0001
2015-09-23 11:16:24.621 WARN  com.dukascopy.api.instrument.InstrumentParser - Unknown trade amount increment for the instrument [LIGHT.CMD/USD], using default - 1
2015-09-23 11:16:24.621 WARN  com.dukascopy.api.instrument.InstrumentParser - Unknown minimal trade amount for the instrument [LIGHT.CMD/USD], using default - 1
2015-09-23 11:16:24.622 WARN  com.dukascopy.api.instrument.InstrumentParser - Unknown trade amount increment for the instrument [AUD/CAD], using default - 1
2015-09-23 11:16:24.622 WARN  com.dukascopy.api.instrument.InstrumentParser - Unknown minimal trade amount for the instrument [AUD/CAD], using default - 1
2015-09-23 11:16:24.623 WARN  com.dukascopy.api.instrument.InstrumentParser - Unknown trade amount increment for the instrument [HKD/JPY], using default - 1
2015-09-23 11:16:24.623 WARN  com.dukascopy.api.instrument.InstrumentParser - Unknown minimal trade amount for the instrument [HKD/JPY], using default - 1
2015-09-23 11:16:24.624 WARN  com.dukascopy.api.instrument.InstrumentParser - Unknown trade amount increment for the instrument [AUS.IDX/AUD], using default - 1
2015-09-23 11:16:24.624 WARN  com.dukascopy.api.instrument.InstrumentParser - Unknown minimal trade amount for the instrument [AUS.IDX/AUD], using default - 1
2015-09-23 11:16:24.625 WARN  com.dukascopy.api.instrument.InstrumentParser - Unknown trade amount increment for the instrument [EUR/SEK], using default - 1
2015-09-23 11:16:24.626 WARN  com.dukascopy.api.instrument.InstrumentParser - Unknown minimal trade amount for the instrument [EUR/SEK], using default - 1
2015-09-23 11:16:24.626 WARN  com.dukascopy.api.instrument.InstrumentParser - Unknown trade amount increment for the instrument [USD/SEK], using default - 1
2015-09-23 11:16:24.627 WARN  com.dukascopy.api.instrument.InstrumentParser - Unknown minimal trade amount for the instrument [USD/SEK], using default - 1
2015-09-23 11:16:24.627 WARN  com.dukascopy.api.instrument.InstrumentParser - Unknown trade amount increment for the instrument [USA500.IDX/USD], using default - 1
2015-09-23 11:16:24.628 WARN  com.dukascopy.api.instrument.InstrumentParser - Unknown minimal trade amount for the instrument [USA500.IDX/USD], using default - 1
2015-09-23 11:16:24.629 WARN  com.dukascopy.api.instrument.InstrumentParser - Unknown trade amount increment for the instrument [USD/CNH], using default - 1
2015-09-23 11:16:24.629 WARN  com.dukascopy.api.instrument.InstrumentParser - Unknown minimal trade amount for the instrument [USD/CNH], using default - 1
2015-09-23 11:16:24.630 WARN  com.dukascopy.api.instrument.InstrumentParser - Unknown trade amount increment for the instrument [USATECH.IDX/USD], using default - 1
2015-09-23 11:16:24.630 WARN  com.dukascopy.api.instrument.InstrumentParser - Unknown minimal trade amount for the instrument [USATECH.IDX/USD], using default - 1
2015-09-23 11:16:25.031 WARN  com.dukascopy.charts.data.datacache.CacheManager - Cannot delete lock file [C:\Users\Balázs\AppData\Local\JForex\.cache\lock0.lck]
2015-09-23 11:16:25.113 WARN  com.dukascopy.charts.data.datacache.FeedDataProvider - JStore is disabled for the current user
2015-09-23 11:16:25.152 INFO  com.dukascopy.charts.data.datacache.ccheck.MissingFileEntryManager - Starting to analyze all cache for mffolder.
2015-09-23 11:16:25.161 INFO  com.dukascopy.charts.data.datacache.ccheck.MissingFileEntryManager - Finished all cache analization for mffolder! Duration [9] ms
2015-09-23 11:16:26.128 INFO  com.dukascopy.dds4.transport.client.ClientProtocolHandler - TcpNoDelay=false
2015-09-23 11:16:26.734 INFO  com.dukascopy.dds4.transport.client.ClientConnector - Primary connect successfull, primarySession is [MinaIoSessionWrapper [session=(SOCKET, R: d-ja-gva-141-194.dukascopy.com/194.8.15.194:10443, L: /192.168.1.177:58746, S: d-ja-gva-141-194.dukascopy.com/194.8.15.194:10443)]], address is [d-ja-gva-141-194.dukascopy.com/194.8.15.194:10443]
2015-09-23 11:16:26.834 INFO  com.dukascopy.dds2.greed.connection.GreedClientAuthorizationProvider - !!!:Thread[ClientConnector,5,main]
2015-09-23 11:16:27.893 WARN  com.dukascopy.api.impl.connect.WLabelData - White Label Image is not received
2015-09-23 11:16:27.896 INFO  singlejartest.Main - Connected
2015-09-23 11:16:28.226 INFO  com.dukascopy.dds4.transport.client.ClientConnector - Child session opened for [d-ja-gva-141-194.dukascopy.com/194.8.15.194:10443]
2015-09-23 11:16:37.812 INFO  singlejartest.Main - Subscribing instruments...
2015-09-23 11:16:51.119 INFO  singlejartest.Main - Downloading data
2015-09-23 11:17:06.209 INFO  singlejartest.Main - Starting strategy
2015-09-23 11:17:14.624 INFO  singlejartest.Main - Strategy started: 1
2015-09-23 11:17:35.351 INFO  singlejartest.Main - Getting prices before start time
2015-09-23 11:17:38.614 INFO  singlejartest.Main - Creating data loading threads
2015-09-23 11:17:39.319 INFO  singlejartest.Main - Getting prices before start time
2015-09-23 11:17:39.362 WARN  com.dukascopy.api.impl.connect.WLabelData - White Label Image is not received
2015-09-23 11:17:40.077 INFO  singlejartest.Main - Filling in-progress candles
2015-09-23 11:17:40.909 INFO  singlejartest.Main - Executing onStart
2015-09-23 11:17:41.719 INFO  singlejartest.Main - Running
2015-09-23 11:17:42.107 INFO  singlejartest.Main - Running, Sun 2015.09.20 00:30 Eq: 50,000.00 UoL: .00%
2015-09-23 11:17:42.262 INFO  singlejartest.Main - Running, Sun 2015.09.20 01:00 Eq: 50,000.00 UoL: .00%
2015-09-23 11:17:42.423 INFO  singlejartest.Main - Running, Sun 2015.09.20 01:30 Eq: 50,000.00 UoL: .00%
2015-09-23 11:17:42.584 INFO  singlejartest.Main - Running, Sun 2015.09.20 02:00 Eq: 50,000.00 UoL: .00%
2015-09-23 11:17:42.736 INFO  singlejartest.Main - Running, Sun 2015.09.20 02:30 Eq: 50,000.00 UoL: .00%
2015-09-23 11:17:42.883 INFO  singlejartest.Main - Running, Sun 2015.09.20 03:00 Eq: 50,000.00 UoL: .00%
2015-09-23 11:17:44.834 INFO  singlejartest.Main - Running, Sun 2015.09.20 03:30 Eq: 50,000.00 UoL: .00%
2015-09-23 11:17:44.835 INFO  singlejartest.Main - Running, Sun 2015.09.20 04:00 Eq: 50,000.00 UoL: .00%
2015-09-23 11:17:44.837 INFO  singlejartest.Main - Running, Sun 2015.09.20 04:30 Eq: 50,000.00 UoL: .00%
2015-09-23 11:17:44.840 INFO  singlejartest.Main - Running, Sun 2015.09.20 05:00 Eq: 50,000.00 UoL: .00%
2015-09-23 11:17:44.843 INFO  singlejartest.Main - Running, Sun 2015.09.20 05:30 Eq: 50,000.00 UoL: .00%
2015-09-23 11:17:44.846 INFO  singlejartest.Main - Running, Sun 2015.09.20 06:00 Eq: 50,000.00 UoL: .00%
2015-09-23 11:17:44.848 INFO  singlejartest.Main - Running, Sun 2015.09.20 06:30 Eq: 50,000.00 UoL: .00%
2015-09-23 11:17:44.849 INFO  singlejartest.Main - Running, Sun 2015.09.20 07:00 Eq: 50,000.00 UoL: .00%
2015-09-23 11:17:44.854 INFO  singlejartest.Main - Running, Sun 2015.09.20 07:30 Eq: 50,000.00 UoL: .00%
2015-09-23 11:17:44.857 INFO  singlejartest.Main - Running, Sun 2015.09.20 08:00 Eq: 50,000.00 UoL: .00%
2015-09-23 11:17:44.860 INFO  singlejartest.Main - Running, Sun 2015.09.20 08:30 Eq: 50,000.00 UoL: .00%
2015-09-23 11:17:44.863 INFO  singlejartest.Main - Running, Sun 2015.09.20 09:00 Eq: 50,000.00 UoL: .00%
2015-09-23 11:17:44.865 INFO  singlejartest.Main - Running, Sun 2015.09.20 09:30 Eq: 50,000.00 UoL: .00%
2015-09-23 11:17:44.866 INFO  singlejartest.Main - Running, Sun 2015.09.20 10:00 Eq: 50,000.00 UoL: .00%
2015-09-23 11:17:44.868 INFO  singlejartest.Main - Running, Sun 2015.09.20 10:30 Eq: 50,000.00 UoL: .00%
2015-09-23 11:17:44.869 INFO  singlejartest.Main - Running, Sun 2015.09.20 11:00 Eq: 50,000.00 UoL: .00%
2015-09-23 11:17:44.871 INFO  singlejartest.Main - Running, Sun 2015.09.20 11:30 Eq: 50,000.00 UoL: .00%
2015-09-23 11:17:44.873 INFO  singlejartest.Main - Running, Sun 2015.09.20 12:00 Eq: 50,000.00 UoL: .00%
2015-09-23 11:17:44.875 INFO  singlejartest.Main - Running, Sun 2015.09.20 12:30 Eq: 50,000.00 UoL: .00%
2015-09-23 11:17:44.877 INFO  singlejartest.Main - Running, Sun 2015.09.20 13:00 Eq: 50,000.00 UoL: .00%
2015-09-23 11:17:44.878 INFO  singlejartest.Main - Running, Sun 2015.09.20 13:30 Eq: 50,000.00 UoL: .00%
2015-09-23 11:17:44.880 INFO  singlejartest.Main - Running, Sun 2015.09.20 14:00 Eq: 50,000.00 UoL: .00%
2015-09-23 11:17:44.882 INFO  singlejartest.Main - Running, Sun 2015.09.20 14:30 Eq: 50,000.00 UoL: .00%
2015-09-23 11:17:44.884 INFO  singlejartest.Main - Running, Sun 2015.09.20 15:00 Eq: 50,000.00 UoL: .00%
2015-09-23 11:17:44.886 INFO  singlejartest.Main - Running, Sun 2015.09.20 15:30 Eq: 50,000.00 UoL: .00%
2015-09-23 11:17:44.889 INFO  singlejartest.Main - Running, Sun 2015.09.20 16:00 Eq: 50,000.00 UoL: .00%
2015-09-23 11:17:44.892 INFO  singlejartest.Main - Running, Sun 2015.09.20 16:30 Eq: 50,000.00 UoL: .00%
2015-09-23 11:17:44.894 INFO  singlejartest.Main - Running, Sun 2015.09.20 17:00 Eq: 50,000.00 UoL: .00%
2015-09-23 11:17:44.896 INFO  singlejartest.Main - Running, Sun 2015.09.20 17:30 Eq: 50,000.00 UoL: .00%
2015-09-23 11:17:44.897 INFO  singlejartest.Main - Running, Sun 2015.09.20 18:00 Eq: 50,000.00 UoL: .00%
2015-09-23 11:17:44.899 INFO  singlejartest.Main - Running, Sun 2015.09.20 18:30 Eq: 50,000.00 UoL: .00%
2015-09-23 11:17:44.900 INFO  singlejartest.Main - Running, Sun 2015.09.20 19:00 Eq: 50,000.00 UoL: .00%
2015-09-23 11:17:44.901 INFO  singlejartest.Main - Running, Sun 2015.09.20 19:30 Eq: 50,000.00 UoL: .00%
2015-09-23 11:17:44.902 INFO  singlejartest.Main - Running, Sun 2015.09.20 20:00 Eq: 50,000.00 UoL: .00%
2015-09-23 11:17:44.904 INFO  singlejartest.Main - Running, Sun 2015.09.20 20:30 Eq: 50,000.00 UoL: .00%
2015-09-23 11:17:44.939 INFO  singlejartest.Main - Running, Sun 2015.09.20 21:00 Eq: 50,000.00 UoL: .00%
2015-09-23 11:17:45.031 INFO  singlejartest.Main - Running, Sun 2015.09.20 21:30 Eq: 49,999.06 UoL: .02%
2015-09-23 11:17:45.092 INFO  singlejartest.Main - Running, Mon 2015.09.20 22:00 Eq: 49,999.28 UoL: .02%
2015-09-23 11:17:45.170 INFO  singlejartest.Main - Running, Mon 2015.09.20 22:30 Eq: 49,999.70 UoL: .02%
2015-09-23 11:17:45.253 INFO  singlejartest.Main - Running, Mon 2015.09.20 23:00 Eq: 49,998.43 UoL: .00%
2015-09-23 11:17:45.314 INFO  singlejartest.Main - Running, Mon 2015.09.20 23:30 Eq: 49,998.43 UoL: .00%
2015-09-23 11:17:45.359 INFO  singlejartest.Main - Running, Mon 2015.09.21 00:00 Eq: 49,998.43 UoL: .00%
2015-09-23 11:17:45.442 INFO  singlejartest.Main - Running, Mon 2015.09.21 00:30 Eq: 49,998.43 UoL: .00%
2015-09-23 11:17:45.506 INFO  singlejartest.Main - Running, Mon 2015.09.21 01:00 Eq: 49,998.43 UoL: .00%
2015-09-23 11:17:45.561 INFO  singlejartest.Main - Running, Mon 2015.09.21 01:30 Eq: 49,998.43 UoL: .00%
2015-09-23 11:17:45.601 INFO  singlejartest.Main - Running, Mon 2015.09.21 02:00 Eq: 49,998.43 UoL: .00%
2015-09-23 11:17:45.647 INFO  singlejartest.Main - Running, Mon 2015.09.21 02:30 Eq: 49,998.43 UoL: .00%
2015-09-23 11:17:45.674 INFO  singlejartest.Main - Running, Mon 2015.09.21 03:00 Eq: 49,998.43 UoL: .00%
2015-09-23 11:17:45.712 INFO  singlejartest.Main - Running, Mon 2015.09.21 03:30 Eq: 49,998.43 UoL: .00%
2015-09-23 11:17:45.745 INFO  singlejartest.Main - Running, Mon 2015.09.21 04:00 Eq: 49,998.43 UoL: .00%
2015-09-23 11:17:45.788 INFO  singlejartest.Main - Running, Mon 2015.09.21 04:30 Eq: 49,998.43 UoL: .00%
2015-09-23 11:17:45.823 INFO  singlejartest.Main - Running, Mon 2015.09.21 05:00 Eq: 49,998.43 UoL: .00%
2015-09-23 11:17:45.891 INFO  singlejartest.Main - Running, Mon 2015.09.21 05:30 Eq: 49,998.43 UoL: .00%
2015-09-23 11:17:45.939 INFO  singlejartest.Main - Running, Mon 2015.09.21 06:00 Eq: 49,998.43 UoL: .00%
2015-09-23 11:17:46.018 INFO  singlejartest.Main - Running, Mon 2015.09.21 06:30 Eq: 49,998.43 UoL: .00%
2015-09-23 11:17:46.091 INFO  singlejartest.Main - Running, Mon 2015.09.21 07:00 Eq: 49,998.43 UoL: .00%
2015-09-23 11:17:46.196 INFO  singlejartest.Main - Running, Mon 2015.09.21 07:30 Eq: 49,998.43 UoL: .00%
2015-09-23 11:17:46.246 INFO  singlejartest.Main - Running, Mon 2015.09.21 08:00 Eq: 49,998.43 UoL: .00%
2015-09-23 11:17:46.300 INFO  singlejartest.Main - Running, Mon 2015.09.21 08:30 Eq: 49,998.43 UoL: .00%
2015-09-23 11:17:46.339 INFO  singlejartest.Main - Running, Mon 2015.09.21 09:00 Eq: 49,998.43 UoL: .00%
2015-09-23 11:17:46.395 INFO  singlejartest.Main - Running, Mon 2015.09.21 09:30 Eq: 49,998.43 UoL: .00%
2015-09-23 11:17:46.432 INFO  singlejartest.Main - Running, Mon 2015.09.21 10:00 Eq: 49,998.43 UoL: .00%
2015-09-23 11:17:46.486 INFO  singlejartest.Main - Running, Mon 2015.09.21 10:30 Eq: 49,998.43 UoL: .00%
2015-09-23 11:17:46.527 INFO  singlejartest.Main - Running, Mon 2015.09.21 11:00 Eq: 49,998.43 UoL: .00%
2015-09-23 11:17:46.590 INFO  singlejartest.Main - Running, Mon 2015.09.21 11:30 Eq: 49,998.43 UoL: .00%
2015-09-23 11:17:46.632 INFO  singlejartest.Main - Running, Mon 2015.09.21 12:00 Eq: 49,998.72 UoL: .02%
2015-09-23 11:17:46.687 INFO  singlejartest.Main - Running, Mon 2015.09.21 12:30 Eq: 49,999.39 UoL: .02%
2015-09-23 11:17:46.722 INFO  singlejartest.Main - Running, Mon 2015.09.21 13:00 Eq: 49,999.91 UoL: .00%
2015-09-23 11:17:46.778 INFO  singlejartest.Main - Running, Mon 2015.09.21 13:30 Eq: 49,999.91 UoL: .00%
2015-09-23 11:17:46.818 INFO  singlejartest.Main - Running, Mon 2015.09.21 14:00 Eq: 49,999.91 UoL: .00%
2015-09-23 11:17:46.868 INFO  singlejartest.Main - Running, Mon 2015.09.21 14:30 Eq: 49,999.91 UoL: .00%
2015-09-23 11:17:46.917 INFO  singlejartest.Main - Running, Mon 2015.09.21 15:00 Eq: 50,000.64 UoL: .02%
2015-09-23 11:17:46.983 INFO  singlejartest.Main - Running, Mon 2015.09.21 15:30 Eq: 50,000.30 UoL: .00%
2015-09-23 11:17:47.015 INFO  singlejartest.Main - Running, Mon 2015.09.21 16:00 Eq: 50,000.30 UoL: .00%
2015-09-23 11:17:47.057 INFO  singlejartest.Main - Running, Mon 2015.09.21 16:30 Eq: 50,000.30 UoL: .00%
2015-09-23 11:17:47.090 INFO  singlejartest.Main - Running, Mon 2015.09.21 17:00 Eq: 50,000.30 UoL: .00%
2015-09-23 11:17:47.121 INFO  singlejartest.Main - Running, Mon 2015.09.21 17:30 Eq: 50,000.30 UoL: .00%
2015-09-23 11:17:47.142 INFO  singlejartest.Main - Running, Mon 2015.09.21 18:00 Eq: 50,000.30 UoL: .00%
2015-09-23 11:17:47.165 INFO  singlejartest.Main - Running, Mon 2015.09.21 18:30 Eq: 50,000.30 UoL: .00%
2015-09-23 11:17:47.184 INFO  singlejartest.Main - Running, Mon 2015.09.21 19:00 Eq: 50,000.30 UoL: .00%
2015-09-23 11:17:47.203 INFO  singlejartest.Main - Running, Mon 2015.09.21 19:30 Eq: 50,000.30 UoL: .00%
2015-09-23 11:17:47.224 INFO  singlejartest.Main - Running, Mon 2015.09.21 20:00 Eq: 50,000.30 UoL: .00%
2015-09-23 11:17:47.238 INFO  singlejartest.Main - Running, Mon 2015.09.21 20:30 Eq: 50,000.30 UoL: .00%
2015-09-23 11:17:47.250 INFO  singlejartest.Main - Running, Mon 2015.09.21 21:00 Eq: 50,000.30 UoL: .00%
2015-09-23 11:17:47.266 INFO  singlejartest.Main - Running, Mon 2015.09.21 21:30 Eq: 50,000.30 UoL: .00%
2015-09-23 11:17:47.282 INFO  singlejartest.Main - Running, Tue 2015.09.21 22:00 Eq: 50,000.30 UoL: .00%
2015-09-23 11:17:47.304 INFO  singlejartest.Main - Running, Tue 2015.09.21 22:30 Eq: 50,000.30 UoL: .00%
2015-09-23 11:17:47.315 INFO  singlejartest.Main - Running, Tue 2015.09.21 23:00 Eq: 50,000.30 UoL: .00%
2015-09-23 11:17:47.335 INFO  singlejartest.Main - Running, Tue 2015.09.21 23:30 Eq: 50,000.30 UoL: .00%
2015-09-23 11:17:47.345 INFO  singlejartest.Main - Running, Tue 2015.09.22 00:00 Eq: 50,000.30 UoL: .00%
2015-09-23 11:17:47.363 INFO  singlejartest.Main - Running, Tue 2015.09.22 00:30 Eq: 50,000.30 UoL: .00%
2015-09-23 11:17:47.374 INFO  singlejartest.Main - Running, Tue 2015.09.22 01:00 Eq: 50,000.30 UoL: .00%
2015-09-23 11:17:47.395 INFO  singlejartest.Main - Running, Tue 2015.09.22 01:30 Eq: 50,000.30 UoL: .00%
2015-09-23 11:17:47.410 INFO  singlejartest.Main - Running, Tue 2015.09.22 02:00 Eq: 50,000.30 UoL: .00%
2015-09-23 11:17:47.427 INFO  singlejartest.Main - Running, Tue 2015.09.22 02:30 Eq: 50,000.30 UoL: .00%
2015-09-23 11:17:47.437 INFO  singlejartest.Main - Running, Tue 2015.09.22 03:00 Eq: 50,000.30 UoL: .00%
2015-09-23 11:17:47.449 INFO  singlejartest.Main - Running, Tue 2015.09.22 03:30 Eq: 50,000.30 UoL: .00%
2015-09-23 11:17:47.460 INFO  singlejartest.Main - Running, Tue 2015.09.22 04:00 Eq: 50,000.30 UoL: .00%
2015-09-23 11:17:47.481 INFO  singlejartest.Main - Running, Tue 2015.09.22 04:30 Eq: 50,000.30 UoL: .00%
2015-09-23 11:17:47.494 INFO  singlejartest.Main - Running, Tue 2015.09.22 05:00 Eq: 50,000.30 UoL: .00%
2015-09-23 11:17:47.523 INFO  singlejartest.Main - Running, Tue 2015.09.22 05:30 Eq: 50,000.30 UoL: .00%
2015-09-23 11:17:47.538 INFO  singlejartest.Main - Running, Tue 2015.09.22 06:00 Eq: 50,000.30 UoL: .00%
2015-09-23 11:17:47.586 INFO  singlejartest.Main - Running, Tue 2015.09.22 06:30 Eq: 50,000.30 UoL: .00%
2015-09-23 11:17:47.616 INFO  singlejartest.Main - Running, Tue 2015.09.22 07:00 Eq: 50,000.30 UoL: .00%
2015-09-23 11:17:47.665 INFO  singlejartest.Main - Running, Tue 2015.09.22 07:30 Eq: 50,000.30 UoL: .00%
2015-09-23 11:17:47.704 INFO  singlejartest.Main - Running, Tue 2015.09.22 08:00 Eq: 50,000.30 UoL: .00%
2015-09-23 11:17:47.760 INFO  singlejartest.Main - Running, Tue 2015.09.22 08:30 Eq: 50,000.30 UoL: .00%
2015-09-23 11:17:47.802 INFO  singlejartest.Main - Running, Tue 2015.09.22 09:00 Eq: 50,000.30 UoL: .00%
2015-09-23 11:17:47.848 INFO  singlejartest.Main - Running, Tue 2015.09.22 09:30 Eq: 50,000.30 UoL: .00%
2015-09-23 11:17:47.882 INFO  singlejartest.Main - Running, Tue 2015.09.22 10:00 Eq: 50,000.30 UoL: .00%
2015-09-23 11:17:47.928 INFO  singlejartest.Main - Running, Tue 2015.09.22 10:30 Eq: 50,000.30 UoL: .00%
2015-09-23 11:17:47.957 INFO  singlejartest.Main - Running, Tue 2015.09.22 11:00 Eq: 50,000.30 UoL: .00%
2015-09-23 11:17:48.006 INFO  singlejartest.Main - Running, Tue 2015.09.22 11:30 Eq: 50,000.30 UoL: .00%
2015-09-23 11:17:48.035 INFO  singlejartest.Main - Running, Tue 2015.09.22 12:00 Eq: 50,000.30 UoL: .00%
2015-09-23 11:17:48.125 INFO  singlejartest.Main - Running, Tue 2015.09.22 12:30 Eq: 50,000.30 UoL: .00%
2015-09-23 11:17:48.164 INFO  singlejartest.Main - Running, Tue 2015.09.22 13:00 Eq: 50,000.30 UoL: .00%
2015-09-23 11:17:48.216 INFO  singlejartest.Main - Running, Tue 2015.09.22 13:30 Eq: 50,000.30 UoL: .00%
2015-09-23 11:17:48.274 INFO  singlejartest.Main - Running, Tue 2015.09.22 14:00 Eq: 49,999.24 UoL: .00%
2015-09-23 11:17:48.334 INFO  singlejartest.Main - Running, Tue 2015.09.22 14:30 Eq: 49,999.24 UoL: .00%
2015-09-23 11:17:48.373 INFO  singlejartest.Main - Running, Tue 2015.09.22 15:00 Eq: 49,999.24 UoL: .00%
2015-09-23 11:17:48.420 INFO  singlejartest.Main - Running, Tue 2015.09.22 15:30 Eq: 49,999.24 UoL: .00%
2015-09-23 11:17:48.451 INFO  singlejartest.Main - Running, Tue 2015.09.22 16:00 Eq: 49,999.24 UoL: .00%
2015-09-23 11:17:48.493 INFO  singlejartest.Main - Running, Tue 2015.09.22 16:30 Eq: 49,999.24 UoL: .00%
2015-09-23 11:17:48.513 INFO  singlejartest.Main - Running, Tue 2015.09.22 17:00 Eq: 49,999.24 UoL: .00%
2015-09-23 11:17:48.539 INFO  singlejartest.Main - Running, Tue 2015.09.22 17:30 Eq: 49,999.24 UoL: .00%
2015-09-23 11:17:48.555 INFO  singlejartest.Main - Running, Tue 2015.09.22 18:00 Eq: 49,999.24 UoL: .00%
2015-09-23 11:17:48.575 INFO  singlejartest.Main - Running, Tue 2015.09.22 18:30 Eq: 49,999.24 UoL: .00%
2015-09-23 11:17:48.594 INFO  singlejartest.Main - Running, Tue 2015.09.22 19:00 Eq: 49,999.24 UoL: .00%
2015-09-23 11:17:48.613 INFO  singlejartest.Main - Running, Tue 2015.09.22 19:30 Eq: 49,999.24 UoL: .00%
2015-09-23 11:17:48.627 INFO  singlejartest.Main - Running, Tue 2015.09.22 20:00 Eq: 49,999.24 UoL: .00%
2015-09-23 11:17:48.641 INFO  singlejartest.Main - Running, Tue 2015.09.22 20:30 Eq: 49,999.24 UoL: .00%
2015-09-23 11:17:48.653 INFO  singlejartest.Main - Running, Tue 2015.09.22 21:00 Eq: 49,999.24 UoL: .00%
2015-09-23 11:17:48.670 INFO  singlejartest.Main - Running, Tue 2015.09.22 21:30 Eq: 49,998.03 UoL: .00%
2015-09-23 11:17:48.687 INFO  singlejartest.Main - Running, Wed 2015.09.22 22:00 Eq: 49,998.03 UoL: .00%
2015-09-23 11:17:48.704 INFO  singlejartest.Main - Running, Wed 2015.09.22 22:30 Eq: 49,998.03 UoL: .00%
2015-09-23 11:17:48.715 INFO  singlejartest.Main - Running, Wed 2015.09.22 23:00 Eq: 49,998.03 UoL: .00%
2015-09-23 11:17:48.727 INFO  singlejartest.Main - Running, Wed 2015.09.22 23:30 Eq: 49,998.03 UoL: .00%
2015-09-23 11:17:48.738 INFO  singlejartest.Main - Executing onStop
2015-09-23 11:17:48.752 INFO  singlejartest.Main - Strategy stopped: 1
2015-09-23 11:17:48.753 ERROR singlejartest.Main - C:\report.html (A hozzáférés megtagadva)
java.io.FileNotFoundException: C:\report.html (A hozzáférés megtagadva)
	at java.io.FileOutputStream.open(Native Method)
	at java.io.FileOutputStream.<init>(Unknown Source)
	at java.io.FileOutputStream.<init>(Unknown Source)
	at com.dukascopy.api.impl.connect.TesterClientImpl.createReport(TesterClientImpl.java:1574)
	at singlejartest.TesterMain$1.onStop(TesterMain.java:73)
	at com.dukascopy.api.impl.connect.TesterClientImpl$4.onStop(TesterClientImpl.java:624)
	at com.dukascopy.api.impl.connect.TesterClientImpl$TesterLoadingProgressListener.loadingFinished(TesterClientImpl.java:1812)
	at com.dukascopy.dds2.greed.agent.strategy.tester.StrategyRunner.run(StrategyRunner.java:483)
	at java.lang.Thread.run(Unknown Source)
2015-09-23 11:20:48.839 INFO  singlejartest.TesterMainGUIMode - Connecting...
2015-09-23 11:20:52.842 ERROR singlejartest.TesterMainGUIMode - Incorrect username or password
com.dukascopy.api.system.JFAuthenticationException: Incorrect username or password
	at com.dukascopy.api.impl.connect.TesterClientImpl.authenticateAPI(TesterClientImpl.java:525)
	at com.dukascopy.api.impl.connect.TesterClientImpl.connect(TesterClientImpl.java:272)
	at com.dukascopy.api.impl.connect.TesterClientImpl.connect(TesterClientImpl.java:263)
	at singlejartest.TesterMainGUIMode.startStrategy(TesterMainGUIMode.java:156)
	at singlejartest.TesterMainGUIMode$3$1.run(TesterMainGUIMode.java:252)
	at java.lang.Thread.run(Unknown Source)
2015-09-23 11:21:10.263 INFO  singlejartest.TesterMainGUIMode - Connecting...
2015-09-23 11:21:11.079 INFO  com.dukascopy.api.impl.connect.AuthorizationClient - Selecting the best server...
2015-09-23 11:21:11.578 INFO  com.dukascopy.api.impl.connect.AuthorizationClient - Account settings request: retry count = 1, time = 2015-09-23 11:21:11
2015-09-23 11:21:12.053 INFO  com.dukascopy.api.impl.connect.AuthorizationClient - Account settings received: retry count = 1, time = 2015-09-23 11:21:12
2015-09-23 11:21:12.064 WARN  com.dukascopy.api.instrument.InstrumentParser - Unknown trade amount increment for the instrument [AUD/JPY], using default - 1
2015-09-23 11:21:12.065 WARN  com.dukascopy.api.instrument.InstrumentParser - Unknown minimal trade amount for the instrument [AUD/JPY], using default - 1
2015-09-23 11:21:12.067 WARN  com.dukascopy.api.instrument.InstrumentParser - Unknown trade amount increment for the instrument [NZD/CAD], using default - 1
2015-09-23 11:21:12.067 WARN  com.dukascopy.api.instrument.InstrumentParser - Unknown minimal trade amount for the instrument [NZD/CAD], using default - 1
2015-09-23 11:21:12.067 WARN  com.dukascopy.api.instrument.InstrumentParser - Unknown trade amount increment for the instrument [HKG.IDX/HKD], using default - 1
2015-09-23 11:21:12.067 WARN  com.dukascopy.api.instrument.InstrumentParser - Unknown minimal trade amount for the instrument [HKG.IDX/HKD], using default - 1
2015-09-23 11:21:12.068 WARN  com.dukascopy.api.instrument.InstrumentParser - Unknown trade amount increment for the instrument [EUR/DKK], using default - 1
2015-09-23 11:21:12.068 WARN  com.dukascopy.api.instrument.InstrumentParser - Unknown minimal trade amount for the instrument [EUR/DKK], using default - 1
2015-09-23 11:21:12.068 WARN  com.dukascopy.api.instrument.InstrumentParser - Unknown trade amount increment for the instrument [EUR/HKD], using default - 1
2015-09-23 11:21:12.068 WARN  com.dukascopy.api.instrument.InstrumentParser - Unknown minimal trade amount for the instrument [EUR/HKD], using default - 1
2015-09-23 11:21:12.069 WARN  com.dukascopy.api.instrument.InstrumentParser - Unknown trade amount increment for the instrument [EUR/CAD], using default - 1
2015-09-23 11:21:12.069 WARN  com.dukascopy.api.instrument.InstrumentParser - Unknown minimal trade amount for the instrument [EUR/CAD], using default - 1
2015-09-23 11:21:12.069 WARN  com.dukascopy.api.instrument.InstrumentParser - Unknown trade amount increment for the instrument [USD/ZAR], using default - 1
2015-09-23 11:21:12.069 WARN  com.dukascopy.api.instrument.InstrumentParser - Unknown minimal trade amount for the instrument [USD/ZAR], using default - 1
2015-09-23 11:21:12.069 WARN  com.dukascopy.api.instrument.InstrumentParser - Unknown trade amount increment for the instrument [EUR/NOK], using default - 1
2015-09-23 11:21:12.069 WARN  com.dukascopy.api.instrument.InstrumentParser - Unknown minimal trade amount for the instrument [EUR/NOK], using default - 1
2015-09-23 11:21:12.069 WARN  com.dukascopy.api.instrument.InstrumentParser - Unknown trade amount increment for the instrument [USD/HKD], using default - 1
2015-09-23 11:21:12.069 WARN  com.dukascopy.api.instrument.InstrumentParser - Unknown minimal trade amount for the instrument [USD/HKD], using default - 1
2015-09-23 11:21:12.070 WARN  com.dukascopy.api.instrument.InstrumentParser - Unknown trade amount increment for the instrument [EUR/AUD], using default - 1
2015-09-23 11:21:12.070 WARN  com.dukascopy.api.instrument.InstrumentParser - Unknown minimal trade amount for the instrument [EUR/AUD], using default - 1
2015-09-23 11:21:12.070 WARN  com.dukascopy.api.instrument.InstrumentParser - Unknown trade amount increment for the instrument [GBR.IDX/GBP], using default - 1
2015-09-23 11:21:12.070 WARN  com.dukascopy.api.instrument.InstrumentParser - Unknown minimal trade amount for the instrument [GBR.IDX/GBP], using default - 1
2015-09-23 11:21:12.070 WARN  com.dukascopy.api.instrument.InstrumentParser - Unknown trade amount increment for the instrument [USD/DKK], using default - 1
2015-09-23 11:21:12.070 WARN  com.dukascopy.api.instrument.InstrumentParser - Unknown minimal trade amount for the instrument [USD/DKK], using default - 1
2015-09-23 11:21:12.071 WARN  com.dukascopy.api.instrument.InstrumentParser - Unknown trade amount increment for the instrument [GBP/CAD], using default - 1
2015-09-23 11:21:12.071 WARN  com.dukascopy.api.instrument.InstrumentParser - Unknown minimal trade amount for the instrument [GBP/CAD], using default - 1
2015-09-23 11:21:12.071 WARN  com.dukascopy.api.instrument.InstrumentParser - Unknown trade amount increment for the instrument [USD/CAD], using default - 1
2015-09-23 11:21:12.071 WARN  com.dukascopy.api.instrument.InstrumentParser - Unknown minimal trade amount for the instrument [USD/CAD], using default - 1
2015-09-23 11:21:12.071 WARN  com.dukascopy.api.instrument.InstrumentParser - Unknown trade amount increment for the instrument [SGD/JPY], using default - 1
2015-09-23 11:21:12.071 WARN  com.dukascopy.api.instrument.InstrumentParser - Unknown minimal trade amount for the instrument [SGD/JPY], using default - 1
2015-09-23 11:21:12.071 WARN  com.dukascopy.api.instrument.InstrumentParser - Unknown trade amount increment for the instrument [CAD/CHF], using default - 1
2015-09-23 11:21:12.071 WARN  com.dukascopy.api.instrument.InstrumentParser - Unknown minimal trade amount for the instrument [CAD/CHF], using default - 1
2015-09-23 11:21:12.072 WARN  com.dukascopy.api.instrument.InstrumentParser - Unknown trade amount increment for the instrument [EUR/TRY], using default - 1
2015-09-23 11:21:12.072 WARN  com.dukascopy.api.instrument.InstrumentParser - Unknown minimal trade amount for the instrument [EUR/TRY], using default - 1
2015-09-23 11:21:12.072 WARN  com.dukascopy.api.instrument.InstrumentParser - Unknown trade amount increment for the instrument [USD/TRY], using default - 1
2015-09-23 11:21:12.072 WARN  com.dukascopy.api.instrument.InstrumentParser - Unknown minimal trade amount for the instrument [USD/TRY], using default - 1
2015-09-23 11:21:12.072 WARN  com.dukascopy.api.instrument.InstrumentParser - Unknown trade amount increment for the instrument [GBP/AUD], using default - 1
2015-09-23 11:21:12.072 WARN  com.dukascopy.api.instrument.InstrumentParser - Unknown minimal trade amount for the instrument [GBP/AUD], using default - 1
2015-09-23 11:21:12.072 WARN  com.dukascopy.api.instrument.InstrumentParser - Unknown trade amount increment for the instrument [AUD/SGD], using default - 1
2015-09-23 11:21:12.073 WARN  com.dukascopy.api.instrument.InstrumentParser - Unknown minimal trade amount for the instrument [AUD/SGD], using default - 1
2015-09-23 11:21:12.073 WARN  com.dukascopy.api.instrument.InstrumentParser - Unknown trade amount increment for the instrument [EUR/CHF], using default - 1
2015-09-23 11:21:12.073 WARN  com.dukascopy.api.instrument.InstrumentParser - Unknown minimal trade amount for the instrument [EUR/CHF], using default - 1
2015-09-23 11:21:12.073 WARN  com.dukascopy.api.instrument.InstrumentParser - Unknown trade amount increment for the instrument [CHE.IDX/CHF], using default - 1
2015-09-23 11:21:12.073 WARN  com.dukascopy.api.instrument.InstrumentParser - Unknown minimal trade amount for the instrument [CHE.IDX/CHF], using default - 1
2015-09-23 11:21:12.074 WARN  com.dukascopy.api.instrument.InstrumentParser - Unknown trade amount increment for the instrument [AUD/NZD], using default - 1
2015-09-23 11:21:12.074 WARN  com.dukascopy.api.instrument.InstrumentParser - Unknown minimal trade amount for the instrument [AUD/NZD], using default - 1
2015-09-23 11:21:12.074 WARN  com.dukascopy.api.instrument.InstrumentParser - Unknown trade amount increment for the instrument [EUS.IDX/EUR], using default - 1
2015-09-23 11:21:12.074 WARN  com.dukascopy.api.instrument.InstrumentParser - Unknown minimal trade amount for the instrument [EUS.IDX/EUR], using default - 1
2015-09-23 11:21:12.074 WARN  com.dukascopy.api.instrument.InstrumentParser - Unknown trade amount increment for the instrument [USD/SGD], using default - 1
2015-09-23 11:21:12.074 WARN  com.dukascopy.api.instrument.InstrumentParser - Unknown minimal trade amount for the instrument [USD/SGD], using default - 1
2015-09-23 11:21:12.075 WARN  com.dukascopy.api.instrument.InstrumentParser - Unknown trade amount increment for the instrument [USA30.IDX/USD], using default - 1
2015-09-23 11:21:12.075 WARN  com.dukascopy.api.instrument.InstrumentParser - Unknown minimal trade amount for the instrument [USA30.IDX/USD], using default - 1
2015-09-23 11:21:12.075 WARN  com.dukascopy.api.instrument.InstrumentParser - Unknown trade amount increment for the instrument [XAU/USD], using default - 1
2015-09-23 11:21:12.075 WARN  com.dukascopy.api.instrument.InstrumentParser - Unknown minimal trade amount for the instrument [XAU/USD], using default - 1
2015-09-23 11:21:12.075 WARN  com.dukascopy.api.instrument.InstrumentParser - Unknown trade amount increment for the instrument [USD/CHF], using default - 1
2015-09-23 11:21:12.075 WARN  com.dukascopy.api.instrument.InstrumentParser - Unknown minimal trade amount for the instrument [USD/CHF], using default - 1
2015-09-23 11:21:12.075 WARN  com.dukascopy.api.instrument.InstrumentParser - Unknown trade amount increment for the instrument [AUD/USD], using default - 1
2015-09-23 11:21:12.075 WARN  com.dukascopy.api.instrument.InstrumentParser - Unknown minimal trade amount for the instrument [AUD/USD], using default - 1
2015-09-23 11:21:12.076 WARN  com.dukascopy.api.instrument.InstrumentParser - Unknown trade amount increment for the instrument [NZD/JPY], using default - 1
2015-09-23 11:21:12.076 WARN  com.dukascopy.api.instrument.InstrumentParser - Unknown minimal trade amount for the instrument [NZD/JPY], using default - 1
2015-09-23 11:21:12.076 WARN  com.dukascopy.api.instrument.InstrumentParser - Unknown trade amount increment for the instrument [USD/MXN], using default - 1
2015-09-23 11:21:12.076 WARN  com.dukascopy.api.instrument.InstrumentParser - Unknown minimal trade amount for the instrument [USD/MXN], using default - 1
2015-09-23 11:21:12.076 WARN  com.dukascopy.api.instrument.InstrumentParser - Unknown trade amount increment for the instrument [FRA.IDX/EUR], using default - 1
2015-09-23 11:21:12.076 WARN  com.dukascopy.api.instrument.InstrumentParser - Unknown minimal trade amount for the instrument [FRA.IDX/EUR], using default - 1
2015-09-23 11:21:12.076 WARN  com.dukascopy.api.instrument.InstrumentParser - Unknown trade amount increment for the instrument [EUR/SGD], using default - 1
2015-09-23 11:21:12.076 WARN  com.dukascopy.api.instrument.InstrumentParser - Unknown minimal trade amount for the instrument [EUR/SGD], using default - 1
2015-09-23 11:21:12.077 WARN  com.dukascopy.api.instrument.InstrumentParser - Unknown trade amount increment for the instrument [EUR/NZD], using default - 1
2015-09-23 11:21:12.077 WARN  com.dukascopy.api.instrument.InstrumentParser - Unknown minimal trade amount for the instrument [EUR/NZD], using default - 1
2015-09-23 11:21:12.077 WARN  com.dukascopy.api.instrument.InstrumentParser - Unknown trade amount increment for the instrument [CAD/HKD], using default - 1
2015-09-23 11:21:12.077 WARN  com.dukascopy.api.instrument.InstrumentParser - Unknown minimal trade amount for the instrument [CAD/HKD], using default - 1
2015-09-23 11:21:12.077 WARN  com.dukascopy.api.instrument.InstrumentParser - Unknown trade amount increment for the instrument [GBP/CHF], using default - 1
2015-09-23 11:21:12.077 WARN  com.dukascopy.api.instrument.InstrumentParser - Unknown minimal trade amount for the instrument [GBP/CHF], using default - 1
2015-09-23 11:21:12.077 WARN  com.dukascopy.api.instrument.InstrumentParser - Unknown trade amount increment for the instrument [NZD/USD], using default - 1
2015-09-23 11:21:12.077 WARN  com.dukascopy.api.instrument.InstrumentParser - Unknown minimal trade amount for the instrument [NZD/USD], using default - 1
2015-09-23 11:21:12.078 WARN  com.dukascopy.api.instrument.InstrumentParser - Unknown trade amount increment for the instrument [USD/PLN], using default - 1
2015-09-23 11:21:12.078 WARN  com.dukascopy.api.instrument.InstrumentParser - Unknown minimal trade amount for the instrument [USD/PLN], using default - 1
2015-09-23 11:21:12.078 WARN  com.dukascopy.api.instrument.InstrumentParser - Unknown trade amount increment for the instrument [USD/JPY], using default - 1
2015-09-23 11:21:12.078 WARN  com.dukascopy.api.instrument.InstrumentParser - Unknown minimal trade amount for the instrument [USD/JPY], using default - 1
2015-09-23 11:21:12.078 WARN  com.dukascopy.api.instrument.InstrumentParser - Unknown trade amount increment for the instrument [GBP/NZD], using default - 1
2015-09-23 11:21:12.078 WARN  com.dukascopy.api.instrument.InstrumentParser - Unknown minimal trade amount for the instrument [GBP/NZD], using default - 1
2015-09-23 11:21:12.078 WARN  com.dukascopy.api.instrument.InstrumentParser - Unknown trade amount increment for the instrument [JPN.IDX/JPY], using default - 1
2015-09-23 11:21:12.078 WARN  com.dukascopy.api.instrument.InstrumentParser - Unknown minimal trade amount for the instrument [JPN.IDX/JPY], using default - 1
2015-09-23 11:21:12.079 WARN  com.dukascopy.api.instrument.InstrumentParser - Unknown trade amount increment for the instrument [CHF/JPY], using default - 1
2015-09-23 11:21:12.079 WARN  com.dukascopy.api.instrument.InstrumentParser - Unknown minimal trade amount for the instrument [CHF/JPY], using default - 1
2015-09-23 11:21:12.079 WARN  com.dukascopy.api.instrument.InstrumentParser - Unknown trade amount increment for the instrument [EUR/USD], using default - 1
2015-09-23 11:21:12.079 WARN  com.dukascopy.api.instrument.InstrumentParser - Unknown minimal trade amount for the instrument [EUR/USD], using default - 1
2015-09-23 11:21:12.079 WARN  com.dukascopy.api.instrument.InstrumentParser - Unknown trade amount increment for the instrument [ESP.IDX/EUR], using default - 1
2015-09-23 11:21:12.079 WARN  com.dukascopy.api.instrument.InstrumentParser - Unknown minimal trade amount for the instrument [ESP.IDX/EUR], using default - 1
2015-09-23 11:21:12.079 WARN  com.dukascopy.api.instrument.InstrumentParser - Unknown trade amount increment for the instrument [GBP/USD], using default - 1
2015-09-23 11:21:12.079 WARN  com.dukascopy.api.instrument.InstrumentParser - Unknown minimal trade amount for the instrument [GBP/USD], using default - 1
2015-09-23 11:21:12.080 WARN  com.dukascopy.api.instrument.InstrumentParser - Unknown trade amount increment for the instrument [EUR/JPY], using default - 1
2015-09-23 11:21:12.080 WARN  com.dukascopy.api.instrument.InstrumentParser - Unknown minimal trade amount for the instrument [EUR/JPY], using default - 1
2015-09-23 11:21:12.080 WARN  com.dukascopy.api.instrument.InstrumentParser - Unknown trade amount increment for the instrument [EUR/PLN], using default - 1
2015-09-23 11:21:12.080 WARN  com.dukascopy.api.instrument.InstrumentParser - Unknown minimal trade amount for the instrument [EUR/PLN], using default - 1
2015-09-23 11:21:12.080 WARN  com.dukascopy.api.instrument.InstrumentParser - Unknown trade amount increment for the instrument [AUD/CHF], using default - 1
2015-09-23 11:21:12.080 WARN  com.dukascopy.api.instrument.InstrumentParser - Unknown minimal trade amount for the instrument [AUD/CHF], using default - 1
2015-09-23 11:21:12.080 WARN  com.dukascopy.api.instrument.InstrumentParser - Unknown trade amount increment for the instrument [XAG/USD], using default - 1
2015-09-23 11:21:12.080 WARN  com.dukascopy.api.instrument.InstrumentParser - Unknown minimal trade amount for the instrument [XAG/USD], using default - 1
2015-09-23 11:21:12.080 WARN  com.dukascopy.api.instrument.InstrumentParser - Unknown trade amount increment for the instrument [EUR/GBP], using default - 1
2015-09-23 11:21:12.080 WARN  com.dukascopy.api.instrument.InstrumentParser - Unknown minimal trade amount for the instrument [EUR/GBP], using default - 1
2015-09-23 11:21:12.081 WARN  com.dukascopy.api.instrument.InstrumentParser - Unknown trade amount increment for the instrument [USD/RUB], using default - 1
2015-09-23 11:21:12.081 WARN  com.dukascopy.api.instrument.InstrumentParser - Unknown minimal trade amount for the instrument [USD/RUB], using default - 1
2015-09-23 11:21:12.081 WARN  com.dukascopy.api.instrument.InstrumentParser - Unknown trade amount increment for the instrument [GBP/JPY], using default - 1
2015-09-23 11:21:12.081 WARN  com.dukascopy.api.instrument.InstrumentParser - Unknown minimal trade amount for the instrument [GBP/JPY], using default - 1
2015-09-23 11:21:12.081 WARN  com.dukascopy.api.instrument.InstrumentParser - Unknown trade amount increment for the instrument [NZD/CHF], using default - 1
2015-09-23 11:21:12.081 WARN  com.dukascopy.api.instrument.InstrumentParser - Unknown minimal trade amount for the instrument [NZD/CHF], using default - 1
2015-09-23 11:21:12.081 WARN  com.dukascopy.api.instrument.InstrumentParser - Unknown trade amount increment for the instrument [BRENT.CMD/USD], using default - 1
2015-09-23 11:21:12.081 WARN  com.dukascopy.api.instrument.InstrumentParser - Unknown minimal trade amount for the instrument [BRENT.CMD/USD], using default - 1
2015-09-23 11:21:12.082 WARN  com.dukascopy.api.instrument.InstrumentParser - Unknown trade amount increment for the instrument [USD/NOK], using default - 1
2015-09-23 11:21:12.082 WARN  com.dukascopy.api.instrument.InstrumentParser - Unknown minimal trade amount for the instrument [USD/NOK], using default - 1
2015-09-23 11:21:12.082 WARN  com.dukascopy.api.instrument.InstrumentParser - Unknown trade amount increment for the instrument [CAD/JPY], using default - 1
2015-09-23 11:21:12.082 WARN  com.dukascopy.api.instrument.InstrumentParser - Unknown minimal trade amount for the instrument [CAD/JPY], using default - 1
2015-09-23 11:21:12.082 WARN  com.dukascopy.api.instrument.InstrumentParser - Unknown trade amount increment for the instrument [CHF/SGD], using default - 1
2015-09-23 11:21:12.082 WARN  com.dukascopy.api.instrument.InstrumentParser - Unknown minimal trade amount for the instrument [CHF/SGD], using default - 1
2015-09-23 11:21:12.082 WARN  com.dukascopy.api.instrument.InstrumentParser - Unknown trade amount increment for the instrument [DEU.IDX/EUR], using default - 1
2015-09-23 11:21:12.082 WARN  com.dukascopy.api.instrument.InstrumentParser - Unknown minimal trade amount for the instrument [DEU.IDX/EUR], using default - 1
2015-09-23 11:21:12.082 WARN  com.dukascopy.api.instrument.InstrumentParser - Unknown pip value for the instrument [LIGHT.CMD/USD], using default - 0.0001
2015-09-23 11:21:12.082 WARN  com.dukascopy.api.instrument.InstrumentParser - Unknown trade amount increment for the instrument [LIGHT.CMD/USD], using default - 1
2015-09-23 11:21:12.082 WARN  com.dukascopy.api.instrument.InstrumentParser - Unknown minimal trade amount for the instrument [LIGHT.CMD/USD], using default - 1
2015-09-23 11:21:12.083 WARN  com.dukascopy.api.instrument.InstrumentParser - Unknown trade amount increment for the instrument [AUD/CAD], using default - 1
2015-09-23 11:21:12.083 WARN  com.dukascopy.api.instrument.InstrumentParser - Unknown minimal trade amount for the instrument [AUD/CAD], using default - 1
2015-09-23 11:21:12.083 WARN  com.dukascopy.api.instrument.InstrumentParser - Unknown trade amount increment for the instrument [HKD/JPY], using default - 1
2015-09-23 11:21:12.083 WARN  com.dukascopy.api.instrument.InstrumentParser - Unknown minimal trade amount for the instrument [HKD/JPY], using default - 1
2015-09-23 11:21:12.083 WARN  com.dukascopy.api.instrument.InstrumentParser - Unknown trade amount increment for the instrument [AUS.IDX/AUD], using default - 1
2015-09-23 11:21:12.083 WARN  com.dukascopy.api.instrument.InstrumentParser - Unknown minimal trade amount for the instrument [AUS.IDX/AUD], using default - 1
2015-09-23 11:21:12.083 WARN  com.dukascopy.api.instrument.InstrumentParser - Unknown trade amount increment for the instrument [EUR/SEK], using default - 1
2015-09-23 11:21:12.083 WARN  com.dukascopy.api.instrument.InstrumentParser - Unknown minimal trade amount for the instrument [EUR/SEK], using default - 1
2015-09-23 11:21:12.084 WARN  com.dukascopy.api.instrument.InstrumentParser - Unknown trade amount increment for the instrument [USD/SEK], using default - 1
2015-09-23 11:21:12.084 WARN  com.dukascopy.api.instrument.InstrumentParser - Unknown minimal trade amount for the instrument [USD/SEK], using default - 1
2015-09-23 11:21:12.084 WARN  com.dukascopy.api.instrument.InstrumentParser - Unknown trade amount increment for the instrument [USA500.IDX/USD], using default - 1
2015-09-23 11:21:12.084 WARN  com.dukascopy.api.instrument.InstrumentParser - Unknown minimal trade amount for the instrument [USA500.IDX/USD], using default - 1
2015-09-23 11:21:12.084 WARN  com.dukascopy.api.instrument.InstrumentParser - Unknown trade amount increment for the instrument [USD/CNH], using default - 1
2015-09-23 11:21:12.084 WARN  com.dukascopy.api.instrument.InstrumentParser - Unknown minimal trade amount for the instrument [USD/CNH], using default - 1
2015-09-23 11:21:12.084 WARN  com.dukascopy.api.instrument.InstrumentParser - Unknown trade amount increment for the instrument [USATECH.IDX/USD], using default - 1
2015-09-23 11:21:12.084 WARN  com.dukascopy.api.instrument.InstrumentParser - Unknown minimal trade amount for the instrument [USATECH.IDX/USD], using default - 1
2015-09-23 11:21:12.258 WARN  com.dukascopy.charts.data.datacache.FeedDataProvider - JStore is disabled for the current user
2015-09-23 11:21:12.544 INFO  com.dukascopy.dds4.transport.client.ClientProtocolHandler - TcpNoDelay=false
2015-09-23 11:21:13.139 INFO  com.dukascopy.dds4.transport.client.ClientConnector - Primary connect successfull, primarySession is [MinaIoSessionWrapper [session=(SOCKET, R: d-ja-gva-141-194.dukascopy.com/194.8.15.194:10443, L: /192.168.1.177:58782, S: d-ja-gva-141-194.dukascopy.com/194.8.15.194:10443)]], address is [d-ja-gva-141-194.dukascopy.com/194.8.15.194:10443]
2015-09-23 11:21:13.238 INFO  com.dukascopy.dds2.greed.connection.GreedClientAuthorizationProvider - !!!:Thread[ClientConnector,6,main]
2015-09-23 11:21:13.449 WARN  com.dukascopy.api.impl.connect.WLabelData - White Label Image is not received
2015-09-23 11:21:13.450 INFO  singlejartest.TesterMainGUIMode - Connected
2015-09-23 11:21:13.450 INFO  singlejartest.TesterMainGUIMode - Subscribing instruments...
2015-09-23 11:21:14.624 INFO  com.dukascopy.dds4.transport.client.ClientConnector - Child session opened for [d-ja-gva-141-194.dukascopy.com/194.8.15.194:10443]
2015-09-23 11:21:16.529 INFO  singlejartest.TesterMainGUIMode - Downloading data
2015-09-23 11:21:16.536 INFO  singlejartest.TesterMainGUIMode - Starting strategy
2015-09-23 11:21:17.020 INFO  singlejartest.TesterMainGUIMode - Strategy started: 1
2015-09-23 11:21:22.410 INFO  singlejartest.TesterMainGUIMode - Getting prices before start time
2015-09-23 11:21:22.592 INFO  singlejartest.TesterMainGUIMode - Creating data loading threads
2015-09-23 11:21:22.647 INFO  singlejartest.TesterMainGUIMode - Getting prices before start time
2015-09-23 11:21:22.740 WARN  com.dukascopy.api.impl.connect.WLabelData - White Label Image is not received
2015-09-23 11:21:22.754 INFO  singlejartest.TesterMainGUIMode - Filling in-progress candles
2015-09-23 11:21:23.433 INFO  singlejartest.TesterMainGUIMode - Executing onStart
2015-09-23 11:21:23.435 INFO  singlejartest.TesterMainGUIMode - Running
2015-09-23 11:21:23.639 INFO  singlejartest.TesterMainGUIMode - Running, Sun 2015.09.20 00:30 Eq: 50,000.00 UoL: .00%
2015-09-23 11:21:23.649 INFO  singlejartest.TesterMainGUIMode - Running, Sun 2015.09.20 01:00 Eq: 50,000.00 UoL: .00%
2015-09-23 11:21:23.660 INFO  singlejartest.TesterMainGUIMode - Running, Sun 2015.09.20 01:30 Eq: 50,000.00 UoL: .00%
2015-09-23 11:21:23.665 INFO  singlejartest.TesterMainGUIMode - Running, Sun 2015.09.20 02:00 Eq: 50,000.00 UoL: .00%
2015-09-23 11:21:23.669 INFO  singlejartest.TesterMainGUIMode - Running, Sun 2015.09.20 02:30 Eq: 50,000.00 UoL: .00%
2015-09-23 11:21:23.672 INFO  singlejartest.TesterMainGUIMode - Running, Sun 2015.09.20 03:00 Eq: 50,000.00 UoL: .00%
2015-09-23 11:21:23.676 INFO  singlejartest.TesterMainGUIMode - Running, Sun 2015.09.20 03:30 Eq: 50,000.00 UoL: .00%
2015-09-23 11:21:23.679 INFO  singlejartest.TesterMainGUIMode - Running, Sun 2015.09.20 04:00 Eq: 50,000.00 UoL: .00%
2015-09-23 11:21:23.683 INFO  singlejartest.TesterMainGUIMode - Running, Sun 2015.09.20 04:30 Eq: 50,000.00 UoL: .00%
2015-09-23 11:21:23.688 INFO  singlejartest.TesterMainGUIMode - Running, Sun 2015.09.20 05:00 Eq: 50,000.00 UoL: .00%
2015-09-23 11:21:23.694 INFO  singlejartest.TesterMainGUIMode - Running, Sun 2015.09.20 05:30 Eq: 50,000.00 UoL: .00%
2015-09-23 11:21:23.697 INFO  singlejartest.TesterMainGUIMode - Running, Sun 2015.09.20 06:00 Eq: 50,000.00 UoL: .00%
2015-09-23 11:21:23.701 INFO  singlejartest.TesterMainGUIMode - Running, Sun 2015.09.20 06:30 Eq: 50,000.00 UoL: .00%
2015-09-23 11:21:23.704 INFO  singlejartest.TesterMainGUIMode - Running, Sun 2015.09.20 07:00 Eq: 50,000.00 UoL: .00%
2015-09-23 11:21:23.709 INFO  singlejartest.TesterMainGUIMode - Running, Sun 2015.09.20 07:30 Eq: 50,000.00 UoL: .00%
2015-09-23 11:21:23.711 INFO  singlejartest.TesterMainGUIMode - Running, Sun 2015.09.20 08:00 Eq: 50,000.00 UoL: .00%
2015-09-23 11:21:23.712 INFO  singlejartest.TesterMainGUIMode - Running, Sun 2015.09.20 08:30 Eq: 50,000.00 UoL: .00%
2015-09-23 11:21:23.714 INFO  singlejartest.TesterMainGUIMode - Running, Sun 2015.09.20 09:00 Eq: 50,000.00 UoL: .00%
2015-09-23 11:21:23.716 INFO  singlejartest.TesterMainGUIMode - Running, Sun 2015.09.20 09:30 Eq: 50,000.00 UoL: .00%
2015-09-23 11:21:23.719 INFO  singlejartest.TesterMainGUIMode - Running, Sun 2015.09.20 10:00 Eq: 50,000.00 UoL: .00%
2015-09-23 11:21:23.721 INFO  singlejartest.TesterMainGUIMode - Running, Sun 2015.09.20 10:30 Eq: 50,000.00 UoL: .00%
2015-09-23 11:21:23.723 INFO  singlejartest.TesterMainGUIMode - Running, Sun 2015.09.20 11:00 Eq: 50,000.00 UoL: .00%
2015-09-23 11:21:23.725 INFO  singlejartest.TesterMainGUIMode - Running, Sun 2015.09.20 11:30 Eq: 50,000.00 UoL: .00%
2015-09-23 11:21:23.728 INFO  singlejartest.TesterMainGUIMode - Running, Sun 2015.09.20 12:00 Eq: 50,000.00 UoL: .00%
2015-09-23 11:21:23.730 INFO  singlejartest.TesterMainGUIMode - Running, Sun 2015.09.20 12:30 Eq: 50,000.00 UoL: .00%
2015-09-23 11:21:23.732 INFO  singlejartest.TesterMainGUIMode - Running, Sun 2015.09.20 13:00 Eq: 50,000.00 UoL: .00%
2015-09-23 11:21:23.734 INFO  singlejartest.TesterMainGUIMode - Running, Sun 2015.09.20 13:30 Eq: 50,000.00 UoL: .00%
2015-09-23 11:21:23.736 INFO  singlejartest.TesterMainGUIMode - Running, Sun 2015.09.20 14:00 Eq: 50,000.00 UoL: .00%
2015-09-23 11:21:23.738 INFO  singlejartest.TesterMainGUIMode - Running, Sun 2015.09.20 14:30 Eq: 50,000.00 UoL: .00%
2015-09-23 11:21:23.741 INFO  singlejartest.TesterMainGUIMode - Running, Sun 2015.09.20 15:00 Eq: 50,000.00 UoL: .00%
2015-09-23 11:21:23.744 INFO  singlejartest.TesterMainGUIMode - Running, Sun 2015.09.20 15:30 Eq: 50,000.00 UoL: .00%
2015-09-23 11:21:23.746 INFO  singlejartest.TesterMainGUIMode - Running, Sun 2015.09.20 16:00 Eq: 50,000.00 UoL: .00%
2015-09-23 11:21:23.748 INFO  singlejartest.TesterMainGUIMode - Running, Sun 2015.09.20 16:30 Eq: 50,000.00 UoL: .00%
2015-09-23 11:21:23.749 INFO  singlejartest.TesterMainGUIMode - Running, Sun 2015.09.20 17:00 Eq: 50,000.00 UoL: .00%
2015-09-23 11:21:23.750 INFO  singlejartest.TesterMainGUIMode - Running, Sun 2015.09.20 17:30 Eq: 50,000.00 UoL: .00%
2015-09-23 11:21:23.752 INFO  singlejartest.TesterMainGUIMode - Running, Sun 2015.09.20 18:00 Eq: 50,000.00 UoL: .00%
2015-09-23 11:21:23.754 INFO  singlejartest.TesterMainGUIMode - Running, Sun 2015.09.20 18:30 Eq: 50,000.00 UoL: .00%
2015-09-23 11:21:23.755 INFO  singlejartest.TesterMainGUIMode - Running, Sun 2015.09.20 19:00 Eq: 50,000.00 UoL: .00%
2015-09-23 11:21:23.756 INFO  singlejartest.TesterMainGUIMode - Running, Sun 2015.09.20 19:30 Eq: 50,000.00 UoL: .00%
2015-09-23 11:21:23.758 INFO  singlejartest.TesterMainGUIMode - Running, Sun 2015.09.20 20:00 Eq: 50,000.00 UoL: .00%
2015-09-23 11:21:23.761 INFO  singlejartest.TesterMainGUIMode - Running, Sun 2015.09.20 20:30 Eq: 50,000.00 UoL: .00%
2015-09-23 11:21:23.795 INFO  singlejartest.TesterMainGUIMode - Running, Sun 2015.09.20 21:00 Eq: 50,000.00 UoL: .00%
2015-09-23 11:21:23.907 INFO  singlejartest.TesterMainGUIMode - Running, Sun 2015.09.20 21:30 Eq: 49,999.06 UoL: .02%
2015-09-23 11:21:24.032 INFO  singlejartest.TesterMainGUIMode - Running, Mon 2015.09.20 22:00 Eq: 49,999.28 UoL: .02%
2015-09-23 11:21:24.149 INFO  singlejartest.TesterMainGUIMode - Running, Mon 2015.09.20 22:30 Eq: 49,999.70 UoL: .02%
2015-09-23 11:21:24.260 INFO  singlejartest.TesterMainGUIMode - Running, Mon 2015.09.20 23:00 Eq: 49,998.43 UoL: .00%
2015-09-23 11:21:24.346 INFO  singlejartest.TesterMainGUIMode - Running, Mon 2015.09.20 23:30 Eq: 49,998.43 UoL: .00%
2015-09-23 11:21:24.425 INFO  singlejartest.TesterMainGUIMode - Running, Mon 2015.09.21 00:00 Eq: 49,998.43 UoL: .00%
2015-09-23 11:21:24.582 INFO  singlejartest.TesterMainGUIMode - Running, Mon 2015.09.21 00:30 Eq: 49,998.43 UoL: .00%
2015-09-23 11:21:24.690 INFO  singlejartest.TesterMainGUIMode - Running, Mon 2015.09.21 01:00 Eq: 49,998.43 UoL: .00%
2015-09-23 11:21:24.788 INFO  singlejartest.TesterMainGUIMode - Running, Mon 2015.09.21 01:30 Eq: 49,998.43 UoL: .00%
2015-09-23 11:21:24.859 INFO  singlejartest.TesterMainGUIMode - Running, Mon 2015.09.21 02:00 Eq: 49,998.43 UoL: .00%
2015-09-23 11:21:24.921 INFO  singlejartest.TesterMainGUIMode - Running, Mon 2015.09.21 02:30 Eq: 49,998.43 UoL: .00%
2015-09-23 11:21:24.956 INFO  singlejartest.TesterMainGUIMode - Running, Mon 2015.09.21 03:00 Eq: 49,998.43 UoL: .00%
2015-09-23 11:21:25.002 INFO  singlejartest.TesterMainGUIMode - Running, Mon 2015.09.21 03:30 Eq: 49,998.43 UoL: .00%
2015-09-23 11:21:25.063 INFO  singlejartest.TesterMainGUIMode - Running, Mon 2015.09.21 04:00 Eq: 49,998.43 UoL: .00%
2015-09-23 11:21:25.117 INFO  singlejartest.TesterMainGUIMode - Running, Mon 2015.09.21 04:30 Eq: 49,998.43 UoL: .00%
2015-09-23 11:21:25.180 INFO  singlejartest.TesterMainGUIMode - Running, Mon 2015.09.21 05:00 Eq: 49,998.43 UoL: .00%
2015-09-23 11:21:25.282 INFO  singlejartest.TesterMainGUIMode - Running, Mon 2015.09.21 05:30 Eq: 49,998.43 UoL: .00%
2015-09-23 11:21:25.396 INFO  singlejartest.TesterMainGUIMode - Running, Mon 2015.09.21 06:00 Eq: 49,998.43 UoL: .00%
2015-09-23 11:21:25.524 INFO  singlejartest.TesterMainGUIMode - Running, Mon 2015.09.21 06:30 Eq: 49,998.43 UoL: .00%
2015-09-23 11:21:25.630 INFO  singlejartest.TesterMainGUIMode - Running, Mon 2015.09.21 07:00 Eq: 49,998.43 UoL: .00%
2015-09-23 11:21:25.744 INFO  singlejartest.TesterMainGUIMode - Running, Mon 2015.09.21 07:30 Eq: 49,998.43 UoL: .00%
2015-09-23 11:21:25.855 INFO  singlejartest.TesterMainGUIMode - Running, Mon 2015.09.21 08:00 Eq: 49,998.43 UoL: .00%
2015-09-23 11:21:25.953 INFO  singlejartest.TesterMainGUIMode - Running, Mon 2015.09.21 08:30 Eq: 49,998.43 UoL: .00%
2015-09-23 11:21:26.039 INFO  singlejartest.TesterMainGUIMode - Running, Mon 2015.09.21 09:00 Eq: 49,998.43 UoL: .00%
2015-09-23 11:21:26.127 INFO  singlejartest.TesterMainGUIMode - Running, Mon 2015.09.21 09:30 Eq: 49,998.43 UoL: .00%
2015-09-23 11:21:26.200 INFO  singlejartest.TesterMainGUIMode - Running, Mon 2015.09.21 10:00 Eq: 49,998.43 UoL: .00%
2015-09-23 11:21:26.277 INFO  singlejartest.TesterMainGUIMode - Running, Mon 2015.09.21 10:30 Eq: 49,998.43 UoL: .00%
2015-09-23 11:21:26.338 INFO  singlejartest.TesterMainGUIMode - Running, Mon 2015.09.21 11:00 Eq: 49,998.43 UoL: .00%
2015-09-23 11:21:26.404 INFO  singlejartest.TesterMainGUIMode - Running, Mon 2015.09.21 11:30 Eq: 49,998.43 UoL: .00%
2015-09-23 11:21:26.488 INFO  singlejartest.TesterMainGUIMode - Running, Mon 2015.09.21 12:00 Eq: 49,998.72 UoL: .02%
2015-09-23 11:21:26.596 INFO  singlejartest.TesterMainGUIMode - Running, Mon 2015.09.21 12:30 Eq: 49,999.39 UoL: .02%
2015-09-23 11:21:26.660 INFO  singlejartest.TesterMainGUIMode - Running, Mon 2015.09.21 13:00 Eq: 49,999.91 UoL: .00%
2015-09-23 11:21:26.793 INFO  singlejartest.TesterMainGUIMode - Running, Mon 2015.09.21 13:30 Eq: 49,999.91 UoL: .00%
2015-09-23 11:21:26.909 INFO  singlejartest.TesterMainGUIMode - Running, Mon 2015.09.21 14:00 Eq: 49,999.91 UoL: .00%
2015-09-23 11:21:27.033 INFO  singlejartest.TesterMainGUIMode - Running, Mon 2015.09.21 14:30 Eq: 49,999.91 UoL: .00%
2015-09-23 11:21:27.152 INFO  singlejartest.TesterMainGUIMode - Running, Mon 2015.09.21 15:00 Eq: 50,000.64 UoL: .02%
2015-09-23 11:21:27.264 INFO  singlejartest.TesterMainGUIMode - Running, Mon 2015.09.21 15:30 Eq: 50,000.30 UoL: .00%
2015-09-23 11:21:27.328 INFO  singlejartest.TesterMainGUIMode - Running, Mon 2015.09.21 16:00 Eq: 50,000.30 UoL: .00%
2015-09-23 11:21:27.389 INFO  singlejartest.TesterMainGUIMode - Running, Mon 2015.09.21 16:30 Eq: 50,000.30 UoL: .00%
2015-09-23 11:21:27.440 INFO  singlejartest.TesterMainGUIMode - Running, Mon 2015.09.21 17:00 Eq: 50,000.30 UoL: .00%
2015-09-23 11:21:27.487 INFO  singlejartest.TesterMainGUIMode - Running, Mon 2015.09.21 17:30 Eq: 50,000.30 UoL: .00%
2015-09-23 11:21:27.514 INFO  singlejartest.TesterMainGUIMode - Running, Mon 2015.09.21 18:00 Eq: 50,000.30 UoL: .00%
2015-09-23 11:21:27.541 INFO  singlejartest.TesterMainGUIMode - Running, Mon 2015.09.21 18:30 Eq: 50,000.30 UoL: .00%
2015-09-23 11:21:27.571 INFO  singlejartest.TesterMainGUIMode - Running, Mon 2015.09.21 19:00 Eq: 50,000.30 UoL: .00%
2015-09-23 11:21:27.596 INFO  singlejartest.TesterMainGUIMode - Running, Mon 2015.09.21 19:30 Eq: 50,000.30 UoL: .00%
2015-09-23 11:21:27.624 INFO  singlejartest.TesterMainGUIMode - Running, Mon 2015.09.21 20:00 Eq: 50,000.30 UoL: .00%
2015-09-23 11:21:27.645 INFO  singlejartest.TesterMainGUIMode - Running, Mon 2015.09.21 20:30 Eq: 50,000.30 UoL: .00%
2015-09-23 11:21:27.660 INFO  singlejartest.TesterMainGUIMode - Running, Mon 2015.09.21 21:00 Eq: 50,000.30 UoL: .00%
2015-09-23 11:21:27.677 INFO  singlejartest.TesterMainGUIMode - Running, Mon 2015.09.21 21:30 Eq: 50,000.30 UoL: .00%
2015-09-23 11:21:27.704 INFO  singlejartest.TesterMainGUIMode - Running, Tue 2015.09.21 22:00 Eq: 50,000.30 UoL: .00%
2015-09-23 11:21:27.736 INFO  singlejartest.TesterMainGUIMode - Running, Tue 2015.09.21 22:30 Eq: 50,000.30 UoL: .00%
2015-09-23 11:21:27.757 INFO  singlejartest.TesterMainGUIMode - Running, Tue 2015.09.21 23:00 Eq: 50,000.30 UoL: .00%
2015-09-23 11:21:27.775 INFO  singlejartest.TesterMainGUIMode - Running, Tue 2015.09.21 23:30 Eq: 50,000.30 UoL: .00%
2015-09-23 11:21:27.787 INFO  singlejartest.TesterMainGUIMode - Running, Tue 2015.09.22 00:00 Eq: 50,000.30 UoL: .00%
2015-09-23 11:21:27.804 INFO  singlejartest.TesterMainGUIMode - Running, Tue 2015.09.22 00:30 Eq: 50,000.30 UoL: .00%
2015-09-23 11:21:27.816 INFO  singlejartest.TesterMainGUIMode - Running, Tue 2015.09.22 01:00 Eq: 50,000.30 UoL: .00%
2015-09-23 11:21:27.834 INFO  singlejartest.TesterMainGUIMode - Running, Tue 2015.09.22 01:30 Eq: 50,000.30 UoL: .00%
2015-09-23 11:21:27.851 INFO  singlejartest.TesterMainGUIMode - Running, Tue 2015.09.22 02:00 Eq: 50,000.30 UoL: .00%
2015-09-23 11:21:27.868 INFO  singlejartest.TesterMainGUIMode - Running, Tue 2015.09.22 02:30 Eq: 50,000.30 UoL: .00%
2015-09-23 11:21:27.880 INFO  singlejartest.TesterMainGUIMode - Running, Tue 2015.09.22 03:00 Eq: 50,000.30 UoL: .00%
2015-09-23 11:21:27.897 INFO  singlejartest.TesterMainGUIMode - Running, Tue 2015.09.22 03:30 Eq: 50,000.30 UoL: .00%
2015-09-23 11:21:27.914 INFO  singlejartest.TesterMainGUIMode - Running, Tue 2015.09.22 04:00 Eq: 50,000.30 UoL: .00%
2015-09-23 11:21:27.947 INFO  singlejartest.TesterMainGUIMode - Running, Tue 2015.09.22 04:30 Eq: 50,000.30 UoL: .00%
2015-09-23 11:21:27.966 INFO  singlejartest.TesterMainGUIMode - Running, Tue 2015.09.22 05:00 Eq: 50,000.30 UoL: .00%
2015-09-23 11:21:28.009 INFO  singlejartest.TesterMainGUIMode - Running, Tue 2015.09.22 05:30 Eq: 50,000.30 UoL: .00%
2015-09-23 11:21:28.030 INFO  singlejartest.TesterMainGUIMode - Running, Tue 2015.09.22 06:00 Eq: 50,000.30 UoL: .00%
2015-09-23 11:21:28.101 INFO  singlejartest.TesterMainGUIMode - Running, Tue 2015.09.22 06:30 Eq: 50,000.30 UoL: .00%
2015-09-23 11:21:28.159 INFO  singlejartest.TesterMainGUIMode - Running, Tue 2015.09.22 07:00 Eq: 50,000.30 UoL: .00%
2015-09-23 11:21:28.233 INFO  singlejartest.TesterMainGUIMode - Running, Tue 2015.09.22 07:30 Eq: 50,000.30 UoL: .00%
2015-09-23 11:21:28.289 INFO  singlejartest.TesterMainGUIMode - Running, Tue 2015.09.22 08:00 Eq: 50,000.30 UoL: .00%
2015-09-23 11:21:28.361 INFO  singlejartest.TesterMainGUIMode - Running, Tue 2015.09.22 08:30 Eq: 50,000.30 UoL: .00%
2015-09-23 11:21:28.430 INFO  singlejartest.TesterMainGUIMode - Running, Tue 2015.09.22 09:00 Eq: 50,000.30 UoL: .00%
2015-09-23 11:21:28.500 INFO  singlejartest.TesterMainGUIMode - Running, Tue 2015.09.22 09:30 Eq: 50,000.30 UoL: .00%
2015-09-23 11:21:28.561 INFO  singlejartest.TesterMainGUIMode - Running, Tue 2015.09.22 10:00 Eq: 50,000.30 UoL: .00%
2015-09-23 11:21:28.626 INFO  singlejartest.TesterMainGUIMode - Running, Tue 2015.09.22 10:30 Eq: 50,000.30 UoL: .00%
2015-09-23 11:21:28.678 INFO  singlejartest.TesterMainGUIMode - Running, Tue 2015.09.22 11:00 Eq: 50,000.30 UoL: .00%
2015-09-23 11:21:28.760 INFO  singlejartest.TesterMainGUIMode - Running, Tue 2015.09.22 11:30 Eq: 50,000.30 UoL: .00%
2015-09-23 11:21:28.830 INFO  singlejartest.TesterMainGUIMode - Running, Tue 2015.09.22 12:00 Eq: 50,000.30 UoL: .00%
2015-09-23 11:21:28.889 INFO  singlejartest.TesterMainGUIMode - Running, Tue 2015.09.22 12:30 Eq: 50,000.30 UoL: .00%
2015-09-23 11:21:28.949 INFO  singlejartest.TesterMainGUIMode - Running, Tue 2015.09.22 13:00 Eq: 50,000.30 UoL: .00%
2015-09-23 11:21:29.034 INFO  singlejartest.TesterMainGUIMode - Running, Tue 2015.09.22 13:30 Eq: 50,000.30 UoL: .00%
2015-09-23 11:21:29.102 INFO  singlejartest.TesterMainGUIMode - Running, Tue 2015.09.22 14:00 Eq: 49,999.24 UoL: .00%
2015-09-23 11:21:29.170 INFO  singlejartest.TesterMainGUIMode - Running, Tue 2015.09.22 14:30 Eq: 49,999.24 UoL: .00%
2015-09-23 11:21:29.224 INFO  singlejartest.TesterMainGUIMode - Running, Tue 2015.09.22 15:00 Eq: 49,999.24 UoL: .00%
2015-09-23 11:21:29.301 INFO  singlejartest.TesterMainGUIMode - Running, Tue 2015.09.22 15:30 Eq: 49,999.24 UoL: .00%
2015-09-23 11:21:29.345 INFO  singlejartest.TesterMainGUIMode - Running, Tue 2015.09.22 16:00 Eq: 49,999.24 UoL: .00%
2015-09-23 11:21:29.399 INFO  singlejartest.TesterMainGUIMode - Running, Tue 2015.09.22 16:30 Eq: 49,999.24 UoL: .00%
2015-09-23 11:21:29.431 INFO  singlejartest.TesterMainGUIMode - Running, Tue 2015.09.22 17:00 Eq: 49,999.24 UoL: .00%
2015-09-23 11:21:29.460 INFO  singlejartest.TesterMainGUIMode - Running, Tue 2015.09.22 17:30 Eq: 49,999.24 UoL: .00%
2015-09-23 11:21:29.479 INFO  singlejartest.TesterMainGUIMode - Running, Tue 2015.09.22 18:00 Eq: 49,999.24 UoL: .00%
2015-09-23 11:21:29.508 INFO  singlejartest.TesterMainGUIMode - Running, Tue 2015.09.22 18:30 Eq: 49,999.24 UoL: .00%
2015-09-23 11:21:29.536 INFO  singlejartest.TesterMainGUIMode - Running, Tue 2015.09.22 19:00 Eq: 49,999.24 UoL: .00%
2015-09-23 11:21:29.564 INFO  singlejartest.TesterMainGUIMode - Running, Tue 2015.09.22 19:30 Eq: 49,999.24 UoL: .00%
2015-09-23 11:21:29.589 INFO  singlejartest.TesterMainGUIMode - Running, Tue 2015.09.22 20:00 Eq: 49,999.24 UoL: .00%
2015-09-23 11:21:29.606 INFO  singlejartest.TesterMainGUIMode - Running, Tue 2015.09.22 20:30 Eq: 49,999.24 UoL: .00%
2015-09-23 11:21:29.620 INFO  singlejartest.TesterMainGUIMode - Running, Tue 2015.09.22 21:00 Eq: 49,999.24 UoL: .00%
2015-09-23 11:21:29.643 INFO  singlejartest.TesterMainGUIMode - Running, Tue 2015.09.22 21:30 Eq: 49,998.03 UoL: .00%
2015-09-23 11:21:29.664 INFO  singlejartest.TesterMainGUIMode - Running, Wed 2015.09.22 22:00 Eq: 49,998.03 UoL: .00%
2015-09-23 11:21:29.683 INFO  singlejartest.TesterMainGUIMode - Running, Wed 2015.09.22 22:30 Eq: 49,998.03 UoL: .00%
2015-09-23 11:21:29.700 INFO  singlejartest.TesterMainGUIMode - Running, Wed 2015.09.22 23:00 Eq: 49,998.03 UoL: .00%
2015-09-23 11:21:29.714 INFO  singlejartest.TesterMainGUIMode - Running, Wed 2015.09.22 23:30 Eq: 49,998.03 UoL: .00%
2015-09-23 11:21:29.729 INFO  singlejartest.TesterMainGUIMode - Executing onStop
2015-09-23 11:21:29.740 INFO  singlejartest.TesterMainGUIMode - Strategy stopped: 1
2015-09-23 11:21:29.742 ERROR singlejartest.TesterMainGUIMode - C:\report.html (A hozzáférés megtagadva)
java.io.FileNotFoundException: C:\report.html (A hozzáférés megtagadva)
	at java.io.FileOutputStream.open(Native Method)
	at java.io.FileOutputStream.<init>(Unknown Source)
	at java.io.FileOutputStream.<init>(Unknown Source)
	at com.dukascopy.api.impl.connect.TesterClientImpl.createReport(TesterClientImpl.java:1574)
	at singlejartest.TesterMainGUIMode$1.onStop(TesterMainGUIMode.java:133)
	at com.dukascopy.api.impl.connect.TesterClientImpl$4.onStop(TesterClientImpl.java:624)
	at com.dukascopy.api.impl.connect.TesterClientImpl$TesterLoadingProgressListener.loadingFinished(TesterClientImpl.java:1812)
	at com.dukascopy.dds2.greed.agent.strategy.tester.StrategyRunner.run(StrategyRunner.java:483)
	at java.lang.Thread.run(Unknown Source)
